{"/mnt/c/Users/laptop/Desktop/2025-csc1097-mahala2-shahf3/fabric-test-app/middleware/auth.js": {"path":"/mnt/c/Users/laptop/Desktop/2025-csc1097-mahala2-shahf3/fabric-test-app/middleware/auth.js","statementMap":{"0":{"start":{"line":1,"column":12},"end":{"line":1,"column":35}},"1":{"start":{"line":2,"column":13},"end":{"line":2,"column":38}},"2":{"start":{"line":3,"column":21},"end":{"line":3,"column":54}},"3":{"start":{"line":6,"column":0},"end":{"line":33,"column":2}},"4":{"start":{"line":7,"column":2},"end":{"line":32,"column":3}},"5":{"start":{"line":8,"column":18},"end":{"line":8,"column":69}},"6":{"start":{"line":10,"column":4},"end":{"line":12,"column":5}},"7":{"start":{"line":11,"column":6},"end":{"line":11,"column":81}},"8":{"start":{"line":14,"column":20},"end":{"line":14,"column":89}},"9":{"start":{"line":16,"column":17},"end":{"line":16,"column":48}},"10":{"start":{"line":17,"column":4},"end":{"line":19,"column":5}},"11":{"start":{"line":18,"column":6},"end":{"line":18,"column":65}},"12":{"start":{"line":21,"column":4},"end":{"line":27,"column":6}},"13":{"start":{"line":29,"column":4},"end":{"line":29,"column":11}},"14":{"start":{"line":31,"column":4},"end":{"line":31,"column":60}},"15":{"start":{"line":36,"column":0},"end":{"line":48,"column":2}},"16":{"start":{"line":37,"column":2},"end":{"line":47,"column":4}},"17":{"start":{"line":38,"column":4},"end":{"line":40,"column":5}},"18":{"start":{"line":39,"column":6},"end":{"line":39,"column":63}},"19":{"start":{"line":42,"column":4},"end":{"line":44,"column":5}},"20":{"start":{"line":43,"column":6},"end":{"line":43,"column":64}},"21":{"start":{"line":46,"column":4},"end":{"line":46,"column":11}},"22":{"start":{"line":51,"column":0},"end":{"line":110,"column":2}},"23":{"start":{"line":52,"column":2},"end":{"line":109,"column":4}},"24":{"start":{"line":53,"column":4},"end":{"line":108,"column":5}},"25":{"start":{"line":54,"column":6},"end":{"line":56,"column":7}},"26":{"start":{"line":55,"column":8},"end":{"line":55,"column":65}},"27":{"start":{"line":58,"column":6},"end":{"line":60,"column":7}},"28":{"start":{"line":59,"column":8},"end":{"line":59,"column":22}},"29":{"start":{"line":62,"column":6},"end":{"line":102,"column":7}},"30":{"start":{"line":63,"column":19},"end":{"line":63,"column":40}},"31":{"start":{"line":65,"column":24},"end":{"line":65,"column":84}},"32":{"start":{"line":66,"column":20},"end":{"line":66,"column":64}},"33":{"start":{"line":68,"column":27},"end":{"line":68,"column":60}},"34":{"start":{"line":69,"column":23},"end":{"line":69,"column":68}},"35":{"start":{"line":71,"column":25},"end":{"line":71,"column":52}},"36":{"start":{"line":72,"column":8},"end":{"line":74,"column":9}},"37":{"start":{"line":73,"column":10},"end":{"line":73,"column":96}},"38":{"start":{"line":76,"column":24},"end":{"line":76,"column":37}},"39":{"start":{"line":77,"column":8},"end":{"line":81,"column":11}},"40":{"start":{"line":83,"column":24},"end":{"line":83,"column":61}},"41":{"start":{"line":84,"column":25},"end":{"line":84,"column":65}},"42":{"start":{"line":86,"column":23},"end":{"line":86,"column":76}},"43":{"start":{"line":87,"column":8},"end":{"line":87,"column":35}},"44":{"start":{"line":89,"column":25},"end":{"line":89,"column":54}},"45":{"start":{"line":91,"column":8},"end":{"line":93,"column":9}},"46":{"start":{"line":92,"column":10},"end":{"line":92,"column":24}},"47":{"start":{"line":95,"column":8},"end":{"line":97,"column":9}},"48":{"start":{"line":96,"column":10},"end":{"line":96,"column":24}},"49":{"start":{"line":99,"column":8},"end":{"line":101,"column":11}},"50":{"start":{"line":104,"column":6},"end":{"line":104,"column":13}},"51":{"start":{"line":106,"column":6},"end":{"line":106,"column":56}},"52":{"start":{"line":107,"column":6},"end":{"line":107,"column":83}}},"fnMap":{"0":{"name":"(anonymous_0)","decl":{"start":{"line":6,"column":22},"end":{"line":6,"column":23}},"loc":{"start":{"line":6,"column":48},"end":{"line":33,"column":1}},"line":6},"1":{"name":"(anonymous_1)","decl":{"start":{"line":36,"column":20},"end":{"line":36,"column":21}},"loc":{"start":{"line":36,"column":31},"end":{"line":48,"column":1}},"line":36},"2":{"name":"(anonymous_2)","decl":{"start":{"line":37,"column":9},"end":{"line":37,"column":10}},"loc":{"start":{"line":37,"column":29},"end":{"line":47,"column":3}},"line":37},"3":{"name":"(anonymous_3)","decl":{"start":{"line":51,"column":28},"end":{"line":51,"column":29}},"loc":{"start":{"line":51,"column":43},"end":{"line":110,"column":1}},"line":51},"4":{"name":"(anonymous_4)","decl":{"start":{"line":52,"column":9},"end":{"line":52,"column":10}},"loc":{"start":{"line":52,"column":35},"end":{"line":109,"column":3}},"line":52}},"branchMap":{"0":{"loc":{"start":{"line":10,"column":4},"end":{"line":12,"column":5}},"type":"if","locations":[{"start":{"line":10,"column":4},"end":{"line":12,"column":5}},{"start":{},"end":{}}],"line":10},"1":{"loc":{"start":{"line":14,"column":38},"end":{"line":14,"column":88}},"type":"binary-expr","locations":[{"start":{"line":14,"column":38},"end":{"line":14,"column":60}},{"start":{"line":14,"column":64},"end":{"line":14,"column":88}}],"line":14},"2":{"loc":{"start":{"line":17,"column":4},"end":{"line":19,"column":5}},"type":"if","locations":[{"start":{"line":17,"column":4},"end":{"line":19,"column":5}},{"start":{},"end":{}}],"line":17},"3":{"loc":{"start":{"line":38,"column":4},"end":{"line":40,"column":5}},"type":"if","locations":[{"start":{"line":38,"column":4},"end":{"line":40,"column":5}},{"start":{},"end":{}}],"line":38},"4":{"loc":{"start":{"line":42,"column":4},"end":{"line":44,"column":5}},"type":"if","locations":[{"start":{"line":42,"column":4},"end":{"line":44,"column":5}},{"start":{},"end":{}}],"line":42},"5":{"loc":{"start":{"line":54,"column":6},"end":{"line":56,"column":7}},"type":"if","locations":[{"start":{"line":54,"column":6},"end":{"line":56,"column":7}},{"start":{},"end":{}}],"line":54},"6":{"loc":{"start":{"line":58,"column":6},"end":{"line":60,"column":7}},"type":"if","locations":[{"start":{"line":58,"column":6},"end":{"line":60,"column":7}},{"start":{},"end":{}}],"line":58},"7":{"loc":{"start":{"line":62,"column":6},"end":{"line":102,"column":7}},"type":"if","locations":[{"start":{"line":62,"column":6},"end":{"line":102,"column":7}},{"start":{},"end":{}}],"line":62},"8":{"loc":{"start":{"line":72,"column":8},"end":{"line":74,"column":9}},"type":"if","locations":[{"start":{"line":72,"column":8},"end":{"line":74,"column":9}},{"start":{},"end":{}}],"line":72},"9":{"loc":{"start":{"line":91,"column":8},"end":{"line":93,"column":9}},"type":"if","locations":[{"start":{"line":91,"column":8},"end":{"line":93,"column":9}},{"start":{},"end":{}}],"line":91},"10":{"loc":{"start":{"line":95,"column":8},"end":{"line":97,"column":9}},"type":"if","locations":[{"start":{"line":95,"column":8},"end":{"line":97,"column":9}},{"start":{},"end":{}}],"line":95},"11":{"loc":{"start":{"line":95,"column":12},"end":{"line":95,"column":94}},"type":"binary-expr","locations":[{"start":{"line":95,"column":12},"end":{"line":95,"column":43}},{"start":{"line":95,"column":47},"end":{"line":95,"column":94}}],"line":95}},"s":{"0":1,"1":1,"2":1,"3":1,"4":4,"5":4,"6":4,"7":1,"8":3,"9":2,"10":2,"11":1,"12":1,"13":1,"14":1,"15":1,"16":4,"17":4,"18":1,"19":3,"20":1,"21":2,"22":1,"23":0,"24":0,"25":0,"26":0,"27":0,"28":0,"29":0,"30":0,"31":0,"32":0,"33":0,"34":0,"35":0,"36":0,"37":0,"38":0,"39":0,"40":0,"41":0,"42":0,"43":0,"44":0,"45":0,"46":0,"47":0,"48":0,"49":0,"50":0,"51":0,"52":0},"f":{"0":4,"1":4,"2":4,"3":0,"4":0},"b":{"0":[1,3],"1":[3,3],"2":[1,1],"3":[1,3],"4":[1,2],"5":[0,0],"6":[0,0],"7":[0,0],"8":[0,0],"9":[0,0],"10":[0,0],"11":[0,0]},"_coverageSchema":"1a1c01bbd47fc00a2c39e90264f33305004495a9","hash":"6dce39383ebe258d39ab08dd1ae0d07dff708335"}
,"/mnt/c/Users/laptop/Desktop/2025-csc1097-mahala2-shahf3/fabric-test-app/models/Notification.js": {"path":"/mnt/c/Users/laptop/Desktop/2025-csc1097-mahala2-shahf3/fabric-test-app/models/Notification.js","statementMap":{"0":{"start":{"line":2,"column":17},"end":{"line":2,"column":36}},"1":{"start":{"line":4,"column":27},"end":{"line":16,"column":2}},"2":{"start":{"line":18,"column":0},"end":{"line":18,"column":68}}},"fnMap":{},"branchMap":{},"s":{"0":1,"1":1,"2":1},"f":{},"b":{},"_coverageSchema":"1a1c01bbd47fc00a2c39e90264f33305004495a9","hash":"4bc9a73f0d020c08238dc4626b9700015e815e78"}
,"/mnt/c/Users/laptop/Desktop/2025-csc1097-mahala2-shahf3/fabric-test-app/models/Organization.js": {"path":"/mnt/c/Users/laptop/Desktop/2025-csc1097-mahala2-shahf3/fabric-test-app/models/Organization.js","statementMap":{"0":{"start":{"line":1,"column":17},"end":{"line":1,"column":36}},"1":{"start":{"line":3,"column":27},"end":{"line":37,"column":2}},"2":{"start":{"line":39,"column":0},"end":{"line":39,"column":68}}},"fnMap":{},"branchMap":{},"s":{"0":1,"1":1,"2":1},"f":{},"b":{},"_coverageSchema":"1a1c01bbd47fc00a2c39e90264f33305004495a9","hash":"c063b98c29f0fbc25701b3c336351cbed4a1622b"}
,"/mnt/c/Users/laptop/Desktop/2025-csc1097-mahala2-shahf3/fabric-test-app/models/SecurityIncident.js": {"path":"/mnt/c/Users/laptop/Desktop/2025-csc1097-mahala2-shahf3/fabric-test-app/models/SecurityIncident.js","statementMap":{"0":{"start":{"line":1,"column":17},"end":{"line":1,"column":36}},"1":{"start":{"line":3,"column":31},"end":{"line":52,"column":2}},"2":{"start":{"line":54,"column":0},"end":{"line":54,"column":76}}},"fnMap":{},"branchMap":{},"s":{"0":1,"1":1,"2":1},"f":{},"b":{},"_coverageSchema":"1a1c01bbd47fc00a2c39e90264f33305004495a9","hash":"c4763f176555fc458abc0cf99dbace10d50befd7"}
,"/mnt/c/Users/laptop/Desktop/2025-csc1097-mahala2-shahf3/fabric-test-app/models/User.js": {"path":"/mnt/c/Users/laptop/Desktop/2025-csc1097-mahala2-shahf3/fabric-test-app/models/User.js","statementMap":{"0":{"start":{"line":1,"column":17},"end":{"line":1,"column":36}},"1":{"start":{"line":2,"column":15},"end":{"line":2,"column":34}},"2":{"start":{"line":4,"column":19},"end":{"line":74,"column":2}},"3":{"start":{"line":77,"column":0},"end":{"line":87,"column":3}},"4":{"start":{"line":78,"column":2},"end":{"line":78,"column":50}},"5":{"start":{"line":78,"column":36},"end":{"line":78,"column":50}},"6":{"start":{"line":80,"column":2},"end":{"line":86,"column":3}},"7":{"start":{"line":81,"column":17},"end":{"line":81,"column":41}},"8":{"start":{"line":82,"column":4},"end":{"line":82,"column":59}},"9":{"start":{"line":83,"column":4},"end":{"line":83,"column":11}},"10":{"start":{"line":85,"column":4},"end":{"line":85,"column":16}},"11":{"start":{"line":89,"column":0},"end":{"line":91,"column":2}},"12":{"start":{"line":90,"column":2},"end":{"line":90,"column":58}},"13":{"start":{"line":93,"column":0},"end":{"line":93,"column":52}}},"fnMap":{"0":{"name":"(anonymous_0)","decl":{"start":{"line":77,"column":23},"end":{"line":77,"column":24}},"loc":{"start":{"line":77,"column":44},"end":{"line":87,"column":1}},"line":77},"1":{"name":"(anonymous_1)","decl":{"start":{"line":89,"column":37},"end":{"line":89,"column":38}},"loc":{"start":{"line":89,"column":71},"end":{"line":91,"column":1}},"line":89}},"branchMap":{"0":{"loc":{"start":{"line":78,"column":2},"end":{"line":78,"column":50}},"type":"if","locations":[{"start":{"line":78,"column":2},"end":{"line":78,"column":50}},{"start":{},"end":{}}],"line":78}},"s":{"0":3,"1":3,"2":3,"3":3,"4":0,"5":0,"6":0,"7":0,"8":0,"9":0,"10":0,"11":3,"12":0,"13":3},"f":{"0":0,"1":0},"b":{"0":[0,0]},"_coverageSchema":"1a1c01bbd47fc00a2c39e90264f33305004495a9","hash":"4aac8629d68782c71b5ed777a4f15c3f06fdc762"}
,"/mnt/c/Users/laptop/Desktop/2025-csc1097-mahala2-shahf3/fabric-test-app/routes/auth.js": {"path":"/mnt/c/Users/laptop/Desktop/2025-csc1097-mahala2-shahf3/fabric-test-app/routes/auth.js","statementMap":{"0":{"start":{"line":1,"column":0},"end":{"line":1,"column":61}},"1":{"start":{"line":2,"column":16},"end":{"line":2,"column":34}},"2":{"start":{"line":3,"column":15},"end":{"line":3,"column":31}},"3":{"start":{"line":4,"column":15},"end":{"line":4,"column":34}},"4":{"start":{"line":5,"column":12},"end":{"line":5,"column":35}},"5":{"start":{"line":6,"column":35},"end":{"line":6,"column":63}},"6":{"start":{"line":8,"column":13},"end":{"line":8,"column":38}},"7":{"start":{"line":9,"column":21},"end":{"line":9,"column":54}},"8":{"start":{"line":10,"column":24},"end":{"line":10,"column":53}},"9":{"start":{"line":11,"column":29},"end":{"line":11,"column":66}},"10":{"start":{"line":12,"column":21},"end":{"line":12,"column":54}},"11":{"start":{"line":14,"column":15},"end":{"line":14,"column":40}},"12":{"start":{"line":15,"column":0},"end":{"line":15,"column":83}},"13":{"start":{"line":16,"column":0},"end":{"line":16,"column":122}},"14":{"start":{"line":17,"column":0},"end":{"line":17,"column":36}},"15":{"start":{"line":20,"column":0},"end":{"line":34,"column":5}},"16":{"start":{"line":21,"column":2},"end":{"line":33,"column":3}},"17":{"start":{"line":22,"column":4},"end":{"line":22,"column":50}},"18":{"start":{"line":23,"column":20},"end":{"line":28,"column":5}},"19":{"start":{"line":29,"column":21},"end":{"line":29,"column":47}},"20":{"start":{"line":30,"column":4},"end":{"line":30,"column":54}},"21":{"start":{"line":32,"column":4},"end":{"line":32,"column":117}},"22":{"start":{"line":37,"column":18},"end":{"line":59,"column":1}},"23":{"start":{"line":38,"column":14},"end":{"line":44,"column":3}},"24":{"start":{"line":46,"column":2},"end":{"line":46,"column":57}},"25":{"start":{"line":48,"column":2},"end":{"line":58,"column":3}},"26":{"start":{"line":49,"column":21},"end":{"line":49,"column":43}},"27":{"start":{"line":50,"column":4},"end":{"line":50,"column":74}},"28":{"start":{"line":51,"column":4},"end":{"line":51,"column":20}},"29":{"start":{"line":53,"column":4},"end":{"line":56,"column":7}},"30":{"start":{"line":57,"column":4},"end":{"line":57,"column":16}},"31":{"start":{"line":64,"column":0},"end":{"line":140,"column":3}},"32":{"start":{"line":65,"column":2},"end":{"line":65,"column":47}},"33":{"start":{"line":68,"column":2},"end":{"line":72,"column":5}},"34":{"start":{"line":74,"column":2},"end":{"line":77,"column":3}},"35":{"start":{"line":75,"column":4},"end":{"line":75,"column":65}},"36":{"start":{"line":76,"column":4},"end":{"line":76,"column":112}},"37":{"start":{"line":79,"column":46},"end":{"line":79,"column":54}},"38":{"start":{"line":80,"column":2},"end":{"line":80,"column":68}},"39":{"start":{"line":82,"column":2},"end":{"line":85,"column":3}},"40":{"start":{"line":83,"column":4},"end":{"line":83,"column":43}},"41":{"start":{"line":84,"column":4},"end":{"line":84,"column":96}},"42":{"start":{"line":87,"column":2},"end":{"line":139,"column":3}},"43":{"start":{"line":88,"column":24},"end":{"line":88,"column":58}},"44":{"start":{"line":89,"column":4},"end":{"line":92,"column":5}},"45":{"start":{"line":90,"column":6},"end":{"line":90,"column":66}},"46":{"start":{"line":91,"column":6},"end":{"line":91,"column":70}},"47":{"start":{"line":93,"column":4},"end":{"line":97,"column":7}},"48":{"start":{"line":99,"column":4},"end":{"line":108,"column":5}},"49":{"start":{"line":100,"column":6},"end":{"line":100,"column":88}},"50":{"start":{"line":101,"column":6},"end":{"line":107,"column":9}},"51":{"start":{"line":110,"column":4},"end":{"line":110,"column":68}},"52":{"start":{"line":111,"column":4},"end":{"line":132,"column":7}},"53":{"start":{"line":134,"column":4},"end":{"line":134,"column":45}},"54":{"start":{"line":135,"column":4},"end":{"line":135,"column":70}},"55":{"start":{"line":137,"column":4},"end":{"line":137,"column":59}},"56":{"start":{"line":138,"column":4},"end":{"line":138,"column":52}},"57":{"start":{"line":145,"column":0},"end":{"line":224,"column":2}},"58":{"start":{"line":155,"column":4},"end":{"line":155,"column":38}},"59":{"start":{"line":157,"column":19},"end":{"line":157,"column":40}},"60":{"start":{"line":158,"column":4},"end":{"line":161,"column":5}},"61":{"start":{"line":159,"column":6},"end":{"line":159,"column":56}},"62":{"start":{"line":160,"column":6},"end":{"line":160,"column":62}},"63":{"start":{"line":163,"column":80},"end":{"line":163,"column":88}},"64":{"start":{"line":164,"column":4},"end":{"line":164,"column":101}},"65":{"start":{"line":166,"column":4},"end":{"line":222,"column":5}},"66":{"start":{"line":167,"column":25},"end":{"line":167,"column":54}},"67":{"start":{"line":168,"column":6},"end":{"line":171,"column":7}},"68":{"start":{"line":169,"column":8},"end":{"line":169,"column":51}},"69":{"start":{"line":170,"column":8},"end":{"line":170,"column":82}},"70":{"start":{"line":174,"column":19},"end":{"line":174,"column":43}},"71":{"start":{"line":175,"column":29},"end":{"line":175,"column":62}},"72":{"start":{"line":178,"column":22},"end":{"line":185,"column":8}},"73":{"start":{"line":187,"column":6},"end":{"line":187,"column":27}},"74":{"start":{"line":188,"column":6},"end":{"line":188,"column":58}},"75":{"start":{"line":191,"column":6},"end":{"line":201,"column":9}},"76":{"start":{"line":204,"column":22},"end":{"line":208,"column":7}},"77":{"start":{"line":210,"column":6},"end":{"line":218,"column":8}},"78":{"start":{"line":215,"column":10},"end":{"line":215,"column":29}},"79":{"start":{"line":215,"column":19},"end":{"line":215,"column":29}},"80":{"start":{"line":216,"column":10},"end":{"line":216,"column":30}},"81":{"start":{"line":220,"column":6},"end":{"line":220,"column":50}},"82":{"start":{"line":221,"column":6},"end":{"line":221,"column":43}},"83":{"start":{"line":230,"column":0},"end":{"line":288,"column":2}},"84":{"start":{"line":237,"column":19},"end":{"line":237,"column":40}},"85":{"start":{"line":238,"column":4},"end":{"line":240,"column":5}},"86":{"start":{"line":239,"column":6},"end":{"line":239,"column":62}},"87":{"start":{"line":242,"column":32},"end":{"line":242,"column":40}},"88":{"start":{"line":244,"column":4},"end":{"line":286,"column":5}},"89":{"start":{"line":245,"column":19},"end":{"line":245,"column":48}},"90":{"start":{"line":246,"column":6},"end":{"line":248,"column":7}},"91":{"start":{"line":247,"column":8},"end":{"line":247,"column":82}},"92":{"start":{"line":250,"column":22},"end":{"line":250,"column":58}},"93":{"start":{"line":251,"column":6},"end":{"line":253,"column":7}},"94":{"start":{"line":252,"column":8},"end":{"line":252,"column":82}},"95":{"start":{"line":255,"column":6},"end":{"line":255,"column":34}},"96":{"start":{"line":256,"column":6},"end":{"line":256,"column":24}},"97":{"start":{"line":258,"column":22},"end":{"line":262,"column":7}},"98":{"start":{"line":264,"column":6},"end":{"line":282,"column":8}},"99":{"start":{"line":269,"column":10},"end":{"line":269,"column":29}},"100":{"start":{"line":269,"column":19},"end":{"line":269,"column":29}},"101":{"start":{"line":270,"column":10},"end":{"line":280,"column":13}},"102":{"start":{"line":284,"column":6},"end":{"line":284,"column":33}},"103":{"start":{"line":285,"column":6},"end":{"line":285,"column":43}},"104":{"start":{"line":293,"column":0},"end":{"line":301,"column":3}},"105":{"start":{"line":294,"column":2},"end":{"line":300,"column":3}},"106":{"start":{"line":295,"column":17},"end":{"line":295,"column":69}},"107":{"start":{"line":296,"column":4},"end":{"line":296,"column":19}},"108":{"start":{"line":298,"column":4},"end":{"line":298,"column":31}},"109":{"start":{"line":299,"column":4},"end":{"line":299,"column":41}},"110":{"start":{"line":306,"column":0},"end":{"line":314,"column":3}},"111":{"start":{"line":307,"column":2},"end":{"line":313,"column":3}},"112":{"start":{"line":308,"column":26},"end":{"line":308,"column":71}},"113":{"start":{"line":309,"column":4},"end":{"line":309,"column":28}},"114":{"start":{"line":311,"column":4},"end":{"line":311,"column":31}},"115":{"start":{"line":312,"column":4},"end":{"line":312,"column":41}},"116":{"start":{"line":319,"column":0},"end":{"line":362,"column":2}},"117":{"start":{"line":328,"column":19},"end":{"line":328,"column":40}},"118":{"start":{"line":329,"column":4},"end":{"line":331,"column":5}},"119":{"start":{"line":330,"column":6},"end":{"line":330,"column":62}},"120":{"start":{"line":333,"column":4},"end":{"line":360,"column":5}},"121":{"start":{"line":334,"column":19},"end":{"line":334,"column":51}},"122":{"start":{"line":335,"column":6},"end":{"line":337,"column":7}},"123":{"start":{"line":336,"column":8},"end":{"line":336,"column":87}},"124":{"start":{"line":339,"column":48},"end":{"line":339,"column":56}},"125":{"start":{"line":341,"column":25},"end":{"line":341,"column":61}},"126":{"start":{"line":342,"column":6},"end":{"line":344,"column":7}},"127":{"start":{"line":343,"column":8},"end":{"line":343,"column":90}},"128":{"start":{"line":346,"column":6},"end":{"line":352,"column":9}},"129":{"start":{"line":354,"column":6},"end":{"line":354,"column":32}},"130":{"start":{"line":356,"column":6},"end":{"line":356,"column":29}},"131":{"start":{"line":358,"column":6},"end":{"line":358,"column":33}},"132":{"start":{"line":359,"column":6},"end":{"line":359,"column":43}},"133":{"start":{"line":367,"column":0},"end":{"line":387,"column":3}},"134":{"start":{"line":368,"column":2},"end":{"line":386,"column":3}},"135":{"start":{"line":369,"column":17},"end":{"line":369,"column":49}},"136":{"start":{"line":370,"column":4},"end":{"line":372,"column":5}},"137":{"start":{"line":371,"column":6},"end":{"line":371,"column":79}},"138":{"start":{"line":374,"column":4},"end":{"line":376,"column":5}},"139":{"start":{"line":375,"column":6},"end":{"line":375,"column":100}},"140":{"start":{"line":378,"column":18},"end":{"line":380,"column":30}},"141":{"start":{"line":382,"column":4},"end":{"line":382,"column":20}},"142":{"start":{"line":384,"column":4},"end":{"line":384,"column":31}},"143":{"start":{"line":385,"column":4},"end":{"line":385,"column":41}},"144":{"start":{"line":392,"column":0},"end":{"line":514,"column":2}},"145":{"start":{"line":402,"column":19},"end":{"line":402,"column":40}},"146":{"start":{"line":403,"column":4},"end":{"line":405,"column":5}},"147":{"start":{"line":404,"column":6},"end":{"line":404,"column":62}},"148":{"start":{"line":407,"column":4},"end":{"line":409,"column":5}},"149":{"start":{"line":408,"column":6},"end":{"line":408,"column":93}},"150":{"start":{"line":424,"column":8},"end":{"line":424,"column":16}},"151":{"start":{"line":426,"column":4},"end":{"line":512,"column":5}},"152":{"start":{"line":427,"column":17},"end":{"line":427,"column":71}},"153":{"start":{"line":428,"column":6},"end":{"line":430,"column":7}},"154":{"start":{"line":429,"column":8},"end":{"line":429,"column":98}},"155":{"start":{"line":432,"column":32},"end":{"line":432,"column":52}},"156":{"start":{"line":434,"column":6},"end":{"line":450,"column":9}},"157":{"start":{"line":452,"column":6},"end":{"line":452,"column":24}},"158":{"start":{"line":454,"column":16},"end":{"line":454,"column":71}},"159":{"start":{"line":455,"column":6},"end":{"line":466,"column":7}},"160":{"start":{"line":456,"column":24},"end":{"line":456,"column":43}},"161":{"start":{"line":457,"column":8},"end":{"line":464,"column":11}},"162":{"start":{"line":465,"column":8},"end":{"line":465,"column":25}},"163":{"start":{"line":468,"column":6},"end":{"line":499,"column":9}},"164":{"start":{"line":501,"column":6},"end":{"line":508,"column":9}},"165":{"start":{"line":510,"column":6},"end":{"line":510,"column":59}},"166":{"start":{"line":511,"column":6},"end":{"line":511,"column":54}},"167":{"start":{"line":519,"column":0},"end":{"line":535,"column":3}},"168":{"start":{"line":520,"column":2},"end":{"line":522,"column":3}},"169":{"start":{"line":521,"column":4},"end":{"line":521,"column":93}},"170":{"start":{"line":524,"column":2},"end":{"line":534,"column":3}},"171":{"start":{"line":525,"column":25},"end":{"line":528,"column":26}},"172":{"start":{"line":530,"column":4},"end":{"line":530,"column":27}},"173":{"start":{"line":532,"column":4},"end":{"line":532,"column":55}},"174":{"start":{"line":533,"column":4},"end":{"line":533,"column":52}},"175":{"start":{"line":540,"column":0},"end":{"line":569,"column":3}},"176":{"start":{"line":541,"column":2},"end":{"line":543,"column":3}},"177":{"start":{"line":542,"column":4},"end":{"line":542,"column":93}},"178":{"start":{"line":545,"column":2},"end":{"line":568,"column":3}},"179":{"start":{"line":546,"column":24},"end":{"line":546,"column":58}},"180":{"start":{"line":547,"column":4},"end":{"line":549,"column":5}},"181":{"start":{"line":548,"column":6},"end":{"line":548,"column":70}},"182":{"start":{"line":551,"column":4},"end":{"line":559,"column":5}},"183":{"start":{"line":552,"column":6},"end":{"line":558,"column":9}},"184":{"start":{"line":561,"column":4},"end":{"line":561,"column":33}},"185":{"start":{"line":562,"column":4},"end":{"line":562,"column":29}},"186":{"start":{"line":564,"column":4},"end":{"line":564,"column":81}},"187":{"start":{"line":566,"column":4},"end":{"line":566,"column":58}},"188":{"start":{"line":567,"column":4},"end":{"line":567,"column":52}},"189":{"start":{"line":574,"column":0},"end":{"line":603,"column":3}},"190":{"start":{"line":575,"column":2},"end":{"line":577,"column":3}},"191":{"start":{"line":576,"column":4},"end":{"line":576,"column":93}},"192":{"start":{"line":579,"column":2},"end":{"line":602,"column":3}},"193":{"start":{"line":580,"column":24},"end":{"line":580,"column":58}},"194":{"start":{"line":581,"column":4},"end":{"line":583,"column":5}},"195":{"start":{"line":582,"column":6},"end":{"line":582,"column":70}},"196":{"start":{"line":585,"column":4},"end":{"line":593,"column":5}},"197":{"start":{"line":586,"column":6},"end":{"line":592,"column":9}},"198":{"start":{"line":595,"column":4},"end":{"line":595,"column":32}},"199":{"start":{"line":596,"column":4},"end":{"line":596,"column":29}},"200":{"start":{"line":598,"column":4},"end":{"line":598,"column":81}},"201":{"start":{"line":600,"column":4},"end":{"line":600,"column":58}},"202":{"start":{"line":601,"column":4},"end":{"line":601,"column":52}},"203":{"start":{"line":608,"column":0},"end":{"line":668,"column":3}},"204":{"start":{"line":609,"column":2},"end":{"line":611,"column":3}},"205":{"start":{"line":610,"column":4},"end":{"line":610,"column":88}},"206":{"start":{"line":613,"column":2},"end":{"line":667,"column":3}},"207":{"start":{"line":614,"column":24},"end":{"line":614,"column":58}},"208":{"start":{"line":615,"column":4},"end":{"line":617,"column":5}},"209":{"start":{"line":616,"column":6},"end":{"line":616,"column":70}},"210":{"start":{"line":619,"column":4},"end":{"line":627,"column":5}},"211":{"start":{"line":620,"column":6},"end":{"line":626,"column":9}},"212":{"start":{"line":629,"column":24},"end":{"line":629,"column":44}},"213":{"start":{"line":630,"column":4},"end":{"line":630,"column":39}},"214":{"start":{"line":631,"column":4},"end":{"line":631,"column":29}},"215":{"start":{"line":633,"column":4},"end":{"line":657,"column":7}},"216":{"start":{"line":659,"column":4},"end":{"line":663,"column":7}},"217":{"start":{"line":665,"column":4},"end":{"line":665,"column":55}},"218":{"start":{"line":666,"column":4},"end":{"line":666,"column":52}},"219":{"start":{"line":673,"column":0},"end":{"line":701,"column":3}},"220":{"start":{"line":674,"column":2},"end":{"line":676,"column":3}},"221":{"start":{"line":675,"column":4},"end":{"line":675,"column":89}},"222":{"start":{"line":678,"column":2},"end":{"line":700,"column":3}},"223":{"start":{"line":679,"column":24},"end":{"line":679,"column":58}},"224":{"start":{"line":680,"column":4},"end":{"line":682,"column":5}},"225":{"start":{"line":681,"column":6},"end":{"line":681,"column":70}},"226":{"start":{"line":684,"column":4},"end":{"line":692,"column":5}},"227":{"start":{"line":685,"column":6},"end":{"line":691,"column":9}},"228":{"start":{"line":694,"column":4},"end":{"line":694,"column":48}},"229":{"start":{"line":696,"column":4},"end":{"line":696,"column":85}},"230":{"start":{"line":698,"column":4},"end":{"line":698,"column":54}},"231":{"start":{"line":699,"column":4},"end":{"line":699,"column":52}},"232":{"start":{"line":703,"column":0},"end":{"line":809,"column":2}},"233":{"start":{"line":711,"column":19},"end":{"line":711,"column":40}},"234":{"start":{"line":712,"column":4},"end":{"line":714,"column":5}},"235":{"start":{"line":713,"column":6},"end":{"line":713,"column":62}},"236":{"start":{"line":716,"column":4},"end":{"line":718,"column":5}},"237":{"start":{"line":717,"column":6},"end":{"line":717,"column":91}},"238":{"start":{"line":725,"column":8},"end":{"line":725,"column":16}},"239":{"start":{"line":727,"column":4},"end":{"line":807,"column":5}},"240":{"start":{"line":728,"column":17},"end":{"line":728,"column":71}},"241":{"start":{"line":729,"column":6},"end":{"line":731,"column":7}},"242":{"start":{"line":730,"column":8},"end":{"line":730,"column":98}},"243":{"start":{"line":733,"column":32},"end":{"line":733,"column":52}},"244":{"start":{"line":735,"column":6},"end":{"line":745,"column":9}},"245":{"start":{"line":747,"column":6},"end":{"line":747,"column":24}},"246":{"start":{"line":749,"column":16},"end":{"line":749,"column":71}},"247":{"start":{"line":750,"column":6},"end":{"line":761,"column":7}},"248":{"start":{"line":751,"column":24},"end":{"line":751,"column":43}},"249":{"start":{"line":752,"column":8},"end":{"line":759,"column":11}},"250":{"start":{"line":760,"column":8},"end":{"line":760,"column":25}},"251":{"start":{"line":763,"column":6},"end":{"line":794,"column":9}},"252":{"start":{"line":796,"column":6},"end":{"line":803,"column":9}},"253":{"start":{"line":805,"column":6},"end":{"line":805,"column":57}},"254":{"start":{"line":806,"column":6},"end":{"line":806,"column":54}},"255":{"start":{"line":814,"column":0},"end":{"line":843,"column":3}},"256":{"start":{"line":815,"column":2},"end":{"line":817,"column":3}},"257":{"start":{"line":816,"column":4},"end":{"line":816,"column":91}},"258":{"start":{"line":819,"column":2},"end":{"line":842,"column":3}},"259":{"start":{"line":820,"column":22},"end":{"line":820,"column":56}},"260":{"start":{"line":821,"column":4},"end":{"line":823,"column":5}},"261":{"start":{"line":822,"column":6},"end":{"line":822,"column":68}},"262":{"start":{"line":825,"column":4},"end":{"line":833,"column":5}},"263":{"start":{"line":826,"column":6},"end":{"line":832,"column":9}},"264":{"start":{"line":835,"column":4},"end":{"line":835,"column":31}},"265":{"start":{"line":836,"column":4},"end":{"line":836,"column":27}},"266":{"start":{"line":838,"column":4},"end":{"line":838,"column":79}},"267":{"start":{"line":840,"column":4},"end":{"line":840,"column":56}},"268":{"start":{"line":841,"column":4},"end":{"line":841,"column":52}},"269":{"start":{"line":848,"column":0},"end":{"line":877,"column":3}},"270":{"start":{"line":849,"column":2},"end":{"line":851,"column":3}},"271":{"start":{"line":850,"column":4},"end":{"line":850,"column":91}},"272":{"start":{"line":853,"column":2},"end":{"line":876,"column":3}},"273":{"start":{"line":854,"column":22},"end":{"line":854,"column":56}},"274":{"start":{"line":855,"column":4},"end":{"line":857,"column":5}},"275":{"start":{"line":856,"column":6},"end":{"line":856,"column":68}},"276":{"start":{"line":859,"column":4},"end":{"line":867,"column":5}},"277":{"start":{"line":860,"column":6},"end":{"line":866,"column":9}},"278":{"start":{"line":869,"column":4},"end":{"line":869,"column":30}},"279":{"start":{"line":870,"column":4},"end":{"line":870,"column":27}},"280":{"start":{"line":872,"column":4},"end":{"line":872,"column":79}},"281":{"start":{"line":874,"column":4},"end":{"line":874,"column":56}},"282":{"start":{"line":875,"column":4},"end":{"line":875,"column":52}},"283":{"start":{"line":880,"column":0},"end":{"line":896,"column":3}},"284":{"start":{"line":881,"column":2},"end":{"line":883,"column":3}},"285":{"start":{"line":882,"column":4},"end":{"line":882,"column":91}},"286":{"start":{"line":885,"column":2},"end":{"line":895,"column":3}},"287":{"start":{"line":886,"column":23},"end":{"line":889,"column":26}},"288":{"start":{"line":891,"column":4},"end":{"line":891,"column":25}},"289":{"start":{"line":893,"column":4},"end":{"line":893,"column":53}},"290":{"start":{"line":894,"column":4},"end":{"line":894,"column":52}},"291":{"start":{"line":901,"column":0},"end":{"line":956,"column":3}},"292":{"start":{"line":902,"column":2},"end":{"line":904,"column":3}},"293":{"start":{"line":903,"column":4},"end":{"line":903,"column":112}},"294":{"start":{"line":906,"column":46},"end":{"line":906,"column":54}},"295":{"start":{"line":908,"column":2},"end":{"line":910,"column":3}},"296":{"start":{"line":909,"column":4},"end":{"line":909,"column":96}},"297":{"start":{"line":912,"column":2},"end":{"line":955,"column":3}},"298":{"start":{"line":913,"column":24},"end":{"line":913,"column":58}},"299":{"start":{"line":914,"column":4},"end":{"line":916,"column":5}},"300":{"start":{"line":915,"column":6},"end":{"line":915,"column":70}},"301":{"start":{"line":918,"column":4},"end":{"line":926,"column":5}},"302":{"start":{"line":919,"column":6},"end":{"line":925,"column":9}},"303":{"start":{"line":928,"column":4},"end":{"line":949,"column":7}},"304":{"start":{"line":951,"column":4},"end":{"line":951,"column":70}},"305":{"start":{"line":953,"column":4},"end":{"line":953,"column":64}},"306":{"start":{"line":954,"column":4},"end":{"line":954,"column":52}},"307":{"start":{"line":963,"column":0},"end":{"line":1040,"column":3}},"308":{"start":{"line":964,"column":2},"end":{"line":964,"column":108}},"309":{"start":{"line":965,"column":2},"end":{"line":967,"column":3}},"310":{"start":{"line":966,"column":4},"end":{"line":966,"column":110}},"311":{"start":{"line":969,"column":44},"end":{"line":969,"column":52}},"312":{"start":{"line":970,"column":2},"end":{"line":970,"column":70}},"313":{"start":{"line":972,"column":2},"end":{"line":974,"column":3}},"314":{"start":{"line":973,"column":4},"end":{"line":973,"column":94}},"315":{"start":{"line":976,"column":2},"end":{"line":1039,"column":3}},"316":{"start":{"line":977,"column":22},"end":{"line":977,"column":54}},"317":{"start":{"line":978,"column":4},"end":{"line":981,"column":5}},"318":{"start":{"line":979,"column":6},"end":{"line":979,"column":55}},"319":{"start":{"line":980,"column":6},"end":{"line":980,"column":68}},"320":{"start":{"line":982,"column":4},"end":{"line":982,"column":119}},"321":{"start":{"line":984,"column":4},"end":{"line":986,"column":5}},"322":{"start":{"line":985,"column":6},"end":{"line":985,"column":100}},"323":{"start":{"line":988,"column":19},"end":{"line":988,"column":51}},"324":{"start":{"line":990,"column":25},"end":{"line":999,"column":6}},"325":{"start":{"line":1001,"column":4},"end":{"line":1001,"column":30}},"326":{"start":{"line":1002,"column":4},"end":{"line":1002,"column":111}},"327":{"start":{"line":1005,"column":4},"end":{"line":1005,"column":30}},"328":{"start":{"line":1008,"column":4},"end":{"line":1029,"column":7}},"329":{"start":{"line":1031,"column":4},"end":{"line":1035,"column":7}},"330":{"start":{"line":1037,"column":4},"end":{"line":1037,"column":62}},"331":{"start":{"line":1038,"column":4},"end":{"line":1038,"column":52}},"332":{"start":{"line":1045,"column":0},"end":{"line":1066,"column":3}},"333":{"start":{"line":1046,"column":2},"end":{"line":1048,"column":3}},"334":{"start":{"line":1047,"column":4},"end":{"line":1047,"column":89}},"335":{"start":{"line":1050,"column":2},"end":{"line":1065,"column":3}},"336":{"start":{"line":1051,"column":24},"end":{"line":1051,"column":56}},"337":{"start":{"line":1052,"column":4},"end":{"line":1054,"column":5}},"338":{"start":{"line":1053,"column":6},"end":{"line":1053,"column":91}},"339":{"start":{"line":1056,"column":25},"end":{"line":1056,"column":90}},"340":{"start":{"line":1057,"column":4},"end":{"line":1059,"column":5}},"341":{"start":{"line":1058,"column":6},"end":{"line":1058,"column":71}},"342":{"start":{"line":1061,"column":4},"end":{"line":1061,"column":29}},"343":{"start":{"line":1063,"column":4},"end":{"line":1063,"column":56}},"344":{"start":{"line":1064,"column":4},"end":{"line":1064,"column":52}},"345":{"start":{"line":1071,"column":0},"end":{"line":1092,"column":3}},"346":{"start":{"line":1072,"column":2},"end":{"line":1074,"column":3}},"347":{"start":{"line":1073,"column":4},"end":{"line":1073,"column":87}},"348":{"start":{"line":1076,"column":2},"end":{"line":1091,"column":3}},"349":{"start":{"line":1077,"column":22},"end":{"line":1077,"column":54}},"350":{"start":{"line":1078,"column":4},"end":{"line":1080,"column":5}},"351":{"start":{"line":1079,"column":6},"end":{"line":1079,"column":89}},"352":{"start":{"line":1082,"column":25},"end":{"line":1082,"column":88}},"353":{"start":{"line":1083,"column":4},"end":{"line":1085,"column":5}},"354":{"start":{"line":1084,"column":6},"end":{"line":1084,"column":71}},"355":{"start":{"line":1087,"column":4},"end":{"line":1087,"column":29}},"356":{"start":{"line":1089,"column":4},"end":{"line":1089,"column":56}},"357":{"start":{"line":1090,"column":4},"end":{"line":1090,"column":52}},"358":{"start":{"line":1094,"column":0},"end":{"line":1094,"column":24}}},"fnMap":{"0":{"name":"(anonymous_0)","decl":{"start":{"line":20,"column":1},"end":{"line":20,"column":2}},"loc":{"start":{"line":20,"column":13},"end":{"line":34,"column":1}},"line":20},"1":{"name":"(anonymous_1)","decl":{"start":{"line":37,"column":18},"end":{"line":37,"column":19}},"loc":{"start":{"line":37,"column":57},"end":{"line":59,"column":1}},"line":37},"2":{"name":"(anonymous_2)","decl":{"start":{"line":64,"column":49},"end":{"line":64,"column":50}},"loc":{"start":{"line":64,"column":69},"end":{"line":140,"column":1}},"line":64},"3":{"name":"(anonymous_3)","decl":{"start":{"line":154,"column":2},"end":{"line":154,"column":3}},"loc":{"start":{"line":154,"column":22},"end":{"line":223,"column":3}},"line":154},"4":{"name":"(anonymous_4)","decl":{"start":{"line":214,"column":8},"end":{"line":214,"column":9}},"loc":{"start":{"line":214,"column":24},"end":{"line":217,"column":9}},"line":214},"5":{"name":"(anonymous_5)","decl":{"start":{"line":236,"column":2},"end":{"line":236,"column":3}},"loc":{"start":{"line":236,"column":22},"end":{"line":287,"column":3}},"line":236},"6":{"name":"(anonymous_6)","decl":{"start":{"line":268,"column":8},"end":{"line":268,"column":9}},"loc":{"start":{"line":268,"column":24},"end":{"line":281,"column":9}},"line":268},"7":{"name":"(anonymous_7)","decl":{"start":{"line":293,"column":33},"end":{"line":293,"column":34}},"loc":{"start":{"line":293,"column":53},"end":{"line":301,"column":1}},"line":293},"8":{"name":"(anonymous_8)","decl":{"start":{"line":306,"column":29},"end":{"line":306,"column":30}},"loc":{"start":{"line":306,"column":49},"end":{"line":314,"column":1}},"line":306},"9":{"name":"(anonymous_9)","decl":{"start":{"line":327,"column":2},"end":{"line":327,"column":3}},"loc":{"start":{"line":327,"column":22},"end":{"line":361,"column":3}},"line":327},"10":{"name":"(anonymous_10)","decl":{"start":{"line":367,"column":52},"end":{"line":367,"column":53}},"loc":{"start":{"line":367,"column":72},"end":{"line":387,"column":1}},"line":367},"11":{"name":"(anonymous_11)","decl":{"start":{"line":401,"column":2},"end":{"line":401,"column":3}},"loc":{"start":{"line":401,"column":22},"end":{"line":513,"column":3}},"line":401},"12":{"name":"(anonymous_12)","decl":{"start":{"line":519,"column":54},"end":{"line":519,"column":55}},"loc":{"start":{"line":519,"column":74},"end":{"line":535,"column":1}},"line":519},"13":{"name":"(anonymous_13)","decl":{"start":{"line":540,"column":55},"end":{"line":540,"column":56}},"loc":{"start":{"line":540,"column":75},"end":{"line":569,"column":1}},"line":540},"14":{"name":"(anonymous_14)","decl":{"start":{"line":574,"column":55},"end":{"line":574,"column":56}},"loc":{"start":{"line":574,"column":75},"end":{"line":603,"column":1}},"line":574},"15":{"name":"(anonymous_15)","decl":{"start":{"line":608,"column":52},"end":{"line":608,"column":53}},"loc":{"start":{"line":608,"column":72},"end":{"line":668,"column":1}},"line":608},"16":{"name":"(anonymous_16)","decl":{"start":{"line":673,"column":54},"end":{"line":673,"column":55}},"loc":{"start":{"line":673,"column":74},"end":{"line":701,"column":1}},"line":673},"17":{"name":"(anonymous_17)","decl":{"start":{"line":710,"column":2},"end":{"line":710,"column":3}},"loc":{"start":{"line":710,"column":22},"end":{"line":808,"column":3}},"line":710},"18":{"name":"(anonymous_18)","decl":{"start":{"line":814,"column":53},"end":{"line":814,"column":54}},"loc":{"start":{"line":814,"column":73},"end":{"line":843,"column":1}},"line":814},"19":{"name":"(anonymous_19)","decl":{"start":{"line":848,"column":53},"end":{"line":848,"column":54}},"loc":{"start":{"line":848,"column":73},"end":{"line":877,"column":1}},"line":848},"20":{"name":"(anonymous_20)","decl":{"start":{"line":880,"column":52},"end":{"line":880,"column":53}},"loc":{"start":{"line":880,"column":72},"end":{"line":896,"column":1}},"line":880},"21":{"name":"(anonymous_21)","decl":{"start":{"line":901,"column":49},"end":{"line":901,"column":50}},"loc":{"start":{"line":901,"column":69},"end":{"line":956,"column":1}},"line":901},"22":{"name":"(anonymous_22)","decl":{"start":{"line":963,"column":47},"end":{"line":963,"column":48}},"loc":{"start":{"line":963,"column":67},"end":{"line":1040,"column":1}},"line":963},"23":{"name":"(anonymous_23)","decl":{"start":{"line":1045,"column":54},"end":{"line":1045,"column":55}},"loc":{"start":{"line":1045,"column":74},"end":{"line":1066,"column":1}},"line":1045},"24":{"name":"(anonymous_24)","decl":{"start":{"line":1071,"column":52},"end":{"line":1071,"column":53}},"loc":{"start":{"line":1071,"column":72},"end":{"line":1092,"column":1}},"line":1071}},"branchMap":{"0":{"loc":{"start":{"line":15,"column":33},"end":{"line":15,"column":81}},"type":"cond-expr","locations":[{"start":{"line":15,"column":64},"end":{"line":15,"column":69}},{"start":{"line":15,"column":72},"end":{"line":15,"column":81}}],"line":15},"1":{"loc":{"start":{"line":16,"column":17},"end":{"line":16,"column":120}},"type":"binary-expr","locations":[{"start":{"line":16,"column":17},"end":{"line":16,"column":45}},{"start":{"line":16,"column":49},"end":{"line":16,"column":120}}],"line":16},"2":{"loc":{"start":{"line":32,"column":63},"end":{"line":32,"column":115}},"type":"cond-expr","locations":[{"start":{"line":32,"column":80},"end":{"line":32,"column":99}},{"start":{"line":32,"column":102},"end":{"line":32,"column":115}}],"line":32},"3":{"loc":{"start":{"line":42,"column":10},"end":{"line":42,"column":72}},"type":"binary-expr","locations":[{"start":{"line":42,"column":10},"end":{"line":42,"column":14}},{"start":{"line":42,"column":18},"end":{"line":42,"column":72}}],"line":42},"4":{"loc":{"start":{"line":55,"column":16},"end":{"line":55,"column":68}},"type":"cond-expr","locations":[{"start":{"line":55,"column":33},"end":{"line":55,"column":52}},{"start":{"line":55,"column":55},"end":{"line":55,"column":68}}],"line":55},"5":{"loc":{"start":{"line":74,"column":2},"end":{"line":77,"column":3}},"type":"if","locations":[{"start":{"line":74,"column":2},"end":{"line":77,"column":3}},{"start":{},"end":{}}],"line":74},"6":{"loc":{"start":{"line":82,"column":2},"end":{"line":85,"column":3}},"type":"if","locations":[{"start":{"line":82,"column":2},"end":{"line":85,"column":3}},{"start":{},"end":{}}],"line":82},"7":{"loc":{"start":{"line":82,"column":6},"end":{"line":82,"column":44}},"type":"binary-expr","locations":[{"start":{"line":82,"column":6},"end":{"line":82,"column":20}},{"start":{"line":82,"column":24},"end":{"line":82,"column":32}},{"start":{"line":82,"column":36},"end":{"line":82,"column":44}}],"line":82},"8":{"loc":{"start":{"line":89,"column":4},"end":{"line":92,"column":5}},"type":"if","locations":[{"start":{"line":89,"column":4},"end":{"line":92,"column":5}},{"start":{},"end":{}}],"line":89},"9":{"loc":{"start":{"line":99,"column":4},"end":{"line":108,"column":5}},"type":"if","locations":[{"start":{"line":99,"column":4},"end":{"line":108,"column":5}},{"start":{},"end":{}}],"line":99},"10":{"loc":{"start":{"line":158,"column":4},"end":{"line":161,"column":5}},"type":"if","locations":[{"start":{"line":158,"column":4},"end":{"line":161,"column":5}},{"start":{},"end":{}}],"line":158},"11":{"loc":{"start":{"line":168,"column":6},"end":{"line":171,"column":7}},"type":"if","locations":[{"start":{"line":168,"column":6},"end":{"line":171,"column":7}},{"start":{},"end":{}}],"line":168},"12":{"loc":{"start":{"line":212,"column":8},"end":{"line":212,"column":58}},"type":"binary-expr","locations":[{"start":{"line":212,"column":8},"end":{"line":212,"column":30}},{"start":{"line":212,"column":34},"end":{"line":212,"column":58}}],"line":212},"13":{"loc":{"start":{"line":215,"column":10},"end":{"line":215,"column":29}},"type":"if","locations":[{"start":{"line":215,"column":10},"end":{"line":215,"column":29}},{"start":{},"end":{}}],"line":215},"14":{"loc":{"start":{"line":238,"column":4},"end":{"line":240,"column":5}},"type":"if","locations":[{"start":{"line":238,"column":4},"end":{"line":240,"column":5}},{"start":{},"end":{}}],"line":238},"15":{"loc":{"start":{"line":246,"column":6},"end":{"line":248,"column":7}},"type":"if","locations":[{"start":{"line":246,"column":6},"end":{"line":248,"column":7}},{"start":{},"end":{}}],"line":246},"16":{"loc":{"start":{"line":251,"column":6},"end":{"line":253,"column":7}},"type":"if","locations":[{"start":{"line":251,"column":6},"end":{"line":253,"column":7}},{"start":{},"end":{}}],"line":251},"17":{"loc":{"start":{"line":266,"column":8},"end":{"line":266,"column":58}},"type":"binary-expr","locations":[{"start":{"line":266,"column":8},"end":{"line":266,"column":30}},{"start":{"line":266,"column":34},"end":{"line":266,"column":58}}],"line":266},"18":{"loc":{"start":{"line":269,"column":10},"end":{"line":269,"column":29}},"type":"if","locations":[{"start":{"line":269,"column":10},"end":{"line":269,"column":29}},{"start":{},"end":{}}],"line":269},"19":{"loc":{"start":{"line":329,"column":4},"end":{"line":331,"column":5}},"type":"if","locations":[{"start":{"line":329,"column":4},"end":{"line":331,"column":5}},{"start":{},"end":{}}],"line":329},"20":{"loc":{"start":{"line":335,"column":6},"end":{"line":337,"column":7}},"type":"if","locations":[{"start":{"line":335,"column":6},"end":{"line":337,"column":7}},{"start":{},"end":{}}],"line":335},"21":{"loc":{"start":{"line":335,"column":10},"end":{"line":335,"column":55}},"type":"binary-expr","locations":[{"start":{"line":335,"column":10},"end":{"line":335,"column":26}},{"start":{"line":335,"column":30},"end":{"line":335,"column":55}}],"line":335},"22":{"loc":{"start":{"line":342,"column":6},"end":{"line":344,"column":7}},"type":"if","locations":[{"start":{"line":342,"column":6},"end":{"line":344,"column":7}},{"start":{},"end":{}}],"line":342},"23":{"loc":{"start":{"line":350,"column":21},"end":{"line":350,"column":38}},"type":"binary-expr","locations":[{"start":{"line":350,"column":21},"end":{"line":350,"column":32}},{"start":{"line":350,"column":36},"end":{"line":350,"column":38}}],"line":350},"24":{"loc":{"start":{"line":370,"column":4},"end":{"line":372,"column":5}},"type":"if","locations":[{"start":{"line":370,"column":4},"end":{"line":372,"column":5}},{"start":{},"end":{}}],"line":370},"25":{"loc":{"start":{"line":370,"column":8},"end":{"line":370,"column":53}},"type":"binary-expr","locations":[{"start":{"line":370,"column":8},"end":{"line":370,"column":24}},{"start":{"line":370,"column":28},"end":{"line":370,"column":53}}],"line":370},"26":{"loc":{"start":{"line":374,"column":4},"end":{"line":376,"column":5}},"type":"if","locations":[{"start":{"line":374,"column":4},"end":{"line":376,"column":5}},{"start":{},"end":{}}],"line":374},"27":{"loc":{"start":{"line":374,"column":8},"end":{"line":374,"column":73}},"type":"binary-expr","locations":[{"start":{"line":374,"column":8},"end":{"line":374,"column":44}},{"start":{"line":374,"column":48},"end":{"line":374,"column":73}}],"line":374},"28":{"loc":{"start":{"line":403,"column":4},"end":{"line":405,"column":5}},"type":"if","locations":[{"start":{"line":403,"column":4},"end":{"line":405,"column":5}},{"start":{},"end":{}}],"line":403},"29":{"loc":{"start":{"line":407,"column":4},"end":{"line":409,"column":5}},"type":"if","locations":[{"start":{"line":407,"column":4},"end":{"line":409,"column":5}},{"start":{},"end":{}}],"line":407},"30":{"loc":{"start":{"line":428,"column":6},"end":{"line":430,"column":7}},"type":"if","locations":[{"start":{"line":428,"column":6},"end":{"line":430,"column":7}},{"start":{},"end":{}}],"line":428},"31":{"loc":{"start":{"line":439,"column":22},"end":{"line":439,"column":77}},"type":"binary-expr","locations":[{"start":{"line":439,"column":22},"end":{"line":439,"column":34}},{"start":{"line":439,"column":38},"end":{"line":439,"column":77}}],"line":439},"32":{"loc":{"start":{"line":455,"column":6},"end":{"line":466,"column":7}},"type":"if","locations":[{"start":{"line":455,"column":6},"end":{"line":466,"column":7}},{"start":{},"end":{}}],"line":455},"33":{"loc":{"start":{"line":520,"column":2},"end":{"line":522,"column":3}},"type":"if","locations":[{"start":{"line":520,"column":2},"end":{"line":522,"column":3}},{"start":{},"end":{}}],"line":520},"34":{"loc":{"start":{"line":541,"column":2},"end":{"line":543,"column":3}},"type":"if","locations":[{"start":{"line":541,"column":2},"end":{"line":543,"column":3}},{"start":{},"end":{}}],"line":541},"35":{"loc":{"start":{"line":547,"column":4},"end":{"line":549,"column":5}},"type":"if","locations":[{"start":{"line":547,"column":4},"end":{"line":549,"column":5}},{"start":{},"end":{}}],"line":547},"36":{"loc":{"start":{"line":551,"column":4},"end":{"line":559,"column":5}},"type":"if","locations":[{"start":{"line":551,"column":4},"end":{"line":559,"column":5}},{"start":{},"end":{}}],"line":551},"37":{"loc":{"start":{"line":575,"column":2},"end":{"line":577,"column":3}},"type":"if","locations":[{"start":{"line":575,"column":2},"end":{"line":577,"column":3}},{"start":{},"end":{}}],"line":575},"38":{"loc":{"start":{"line":581,"column":4},"end":{"line":583,"column":5}},"type":"if","locations":[{"start":{"line":581,"column":4},"end":{"line":583,"column":5}},{"start":{},"end":{}}],"line":581},"39":{"loc":{"start":{"line":585,"column":4},"end":{"line":593,"column":5}},"type":"if","locations":[{"start":{"line":585,"column":4},"end":{"line":593,"column":5}},{"start":{},"end":{}}],"line":585},"40":{"loc":{"start":{"line":609,"column":2},"end":{"line":611,"column":3}},"type":"if","locations":[{"start":{"line":609,"column":2},"end":{"line":611,"column":3}},{"start":{},"end":{}}],"line":609},"41":{"loc":{"start":{"line":615,"column":4},"end":{"line":617,"column":5}},"type":"if","locations":[{"start":{"line":615,"column":4},"end":{"line":617,"column":5}},{"start":{},"end":{}}],"line":615},"42":{"loc":{"start":{"line":619,"column":4},"end":{"line":627,"column":5}},"type":"if","locations":[{"start":{"line":619,"column":4},"end":{"line":627,"column":5}},{"start":{},"end":{}}],"line":619},"43":{"loc":{"start":{"line":674,"column":2},"end":{"line":676,"column":3}},"type":"if","locations":[{"start":{"line":674,"column":2},"end":{"line":676,"column":3}},{"start":{},"end":{}}],"line":674},"44":{"loc":{"start":{"line":680,"column":4},"end":{"line":682,"column":5}},"type":"if","locations":[{"start":{"line":680,"column":4},"end":{"line":682,"column":5}},{"start":{},"end":{}}],"line":680},"45":{"loc":{"start":{"line":684,"column":4},"end":{"line":692,"column":5}},"type":"if","locations":[{"start":{"line":684,"column":4},"end":{"line":692,"column":5}},{"start":{},"end":{}}],"line":684},"46":{"loc":{"start":{"line":712,"column":4},"end":{"line":714,"column":5}},"type":"if","locations":[{"start":{"line":712,"column":4},"end":{"line":714,"column":5}},{"start":{},"end":{}}],"line":712},"47":{"loc":{"start":{"line":716,"column":4},"end":{"line":718,"column":5}},"type":"if","locations":[{"start":{"line":716,"column":4},"end":{"line":718,"column":5}},{"start":{},"end":{}}],"line":716},"48":{"loc":{"start":{"line":729,"column":6},"end":{"line":731,"column":7}},"type":"if","locations":[{"start":{"line":729,"column":6},"end":{"line":731,"column":7}},{"start":{},"end":{}}],"line":729},"49":{"loc":{"start":{"line":740,"column":22},"end":{"line":740,"column":60}},"type":"binary-expr","locations":[{"start":{"line":740,"column":22},"end":{"line":740,"column":34}},{"start":{"line":740,"column":38},"end":{"line":740,"column":60}}],"line":740},"50":{"loc":{"start":{"line":742,"column":21},"end":{"line":742,"column":38}},"type":"binary-expr","locations":[{"start":{"line":742,"column":21},"end":{"line":742,"column":32}},{"start":{"line":742,"column":36},"end":{"line":742,"column":38}}],"line":742},"51":{"loc":{"start":{"line":750,"column":6},"end":{"line":761,"column":7}},"type":"if","locations":[{"start":{"line":750,"column":6},"end":{"line":761,"column":7}},{"start":{},"end":{}}],"line":750},"52":{"loc":{"start":{"line":815,"column":2},"end":{"line":817,"column":3}},"type":"if","locations":[{"start":{"line":815,"column":2},"end":{"line":817,"column":3}},{"start":{},"end":{}}],"line":815},"53":{"loc":{"start":{"line":821,"column":4},"end":{"line":823,"column":5}},"type":"if","locations":[{"start":{"line":821,"column":4},"end":{"line":823,"column":5}},{"start":{},"end":{}}],"line":821},"54":{"loc":{"start":{"line":825,"column":4},"end":{"line":833,"column":5}},"type":"if","locations":[{"start":{"line":825,"column":4},"end":{"line":833,"column":5}},{"start":{},"end":{}}],"line":825},"55":{"loc":{"start":{"line":849,"column":2},"end":{"line":851,"column":3}},"type":"if","locations":[{"start":{"line":849,"column":2},"end":{"line":851,"column":3}},{"start":{},"end":{}}],"line":849},"56":{"loc":{"start":{"line":855,"column":4},"end":{"line":857,"column":5}},"type":"if","locations":[{"start":{"line":855,"column":4},"end":{"line":857,"column":5}},{"start":{},"end":{}}],"line":855},"57":{"loc":{"start":{"line":859,"column":4},"end":{"line":867,"column":5}},"type":"if","locations":[{"start":{"line":859,"column":4},"end":{"line":867,"column":5}},{"start":{},"end":{}}],"line":859},"58":{"loc":{"start":{"line":881,"column":2},"end":{"line":883,"column":3}},"type":"if","locations":[{"start":{"line":881,"column":2},"end":{"line":883,"column":3}},{"start":{},"end":{}}],"line":881},"59":{"loc":{"start":{"line":902,"column":2},"end":{"line":904,"column":3}},"type":"if","locations":[{"start":{"line":902,"column":2},"end":{"line":904,"column":3}},{"start":{},"end":{}}],"line":902},"60":{"loc":{"start":{"line":908,"column":2},"end":{"line":910,"column":3}},"type":"if","locations":[{"start":{"line":908,"column":2},"end":{"line":910,"column":3}},{"start":{},"end":{}}],"line":908},"61":{"loc":{"start":{"line":908,"column":6},"end":{"line":908,"column":44}},"type":"binary-expr","locations":[{"start":{"line":908,"column":6},"end":{"line":908,"column":20}},{"start":{"line":908,"column":24},"end":{"line":908,"column":32}},{"start":{"line":908,"column":36},"end":{"line":908,"column":44}}],"line":908},"62":{"loc":{"start":{"line":914,"column":4},"end":{"line":916,"column":5}},"type":"if","locations":[{"start":{"line":914,"column":4},"end":{"line":916,"column":5}},{"start":{},"end":{}}],"line":914},"63":{"loc":{"start":{"line":918,"column":4},"end":{"line":926,"column":5}},"type":"if","locations":[{"start":{"line":918,"column":4},"end":{"line":926,"column":5}},{"start":{},"end":{}}],"line":918},"64":{"loc":{"start":{"line":965,"column":2},"end":{"line":967,"column":3}},"type":"if","locations":[{"start":{"line":965,"column":2},"end":{"line":967,"column":3}},{"start":{},"end":{}}],"line":965},"65":{"loc":{"start":{"line":972,"column":2},"end":{"line":974,"column":3}},"type":"if","locations":[{"start":{"line":972,"column":2},"end":{"line":974,"column":3}},{"start":{},"end":{}}],"line":972},"66":{"loc":{"start":{"line":972,"column":6},"end":{"line":972,"column":42}},"type":"binary-expr","locations":[{"start":{"line":972,"column":6},"end":{"line":972,"column":18}},{"start":{"line":972,"column":22},"end":{"line":972,"column":30}},{"start":{"line":972,"column":34},"end":{"line":972,"column":42}}],"line":972},"67":{"loc":{"start":{"line":978,"column":4},"end":{"line":981,"column":5}},"type":"if","locations":[{"start":{"line":978,"column":4},"end":{"line":981,"column":5}},{"start":{},"end":{}}],"line":978},"68":{"loc":{"start":{"line":984,"column":4},"end":{"line":986,"column":5}},"type":"if","locations":[{"start":{"line":984,"column":4},"end":{"line":986,"column":5}},{"start":{},"end":{}}],"line":984},"69":{"loc":{"start":{"line":1046,"column":2},"end":{"line":1048,"column":3}},"type":"if","locations":[{"start":{"line":1046,"column":2},"end":{"line":1048,"column":3}},{"start":{},"end":{}}],"line":1046},"70":{"loc":{"start":{"line":1052,"column":4},"end":{"line":1054,"column":5}},"type":"if","locations":[{"start":{"line":1052,"column":4},"end":{"line":1054,"column":5}},{"start":{},"end":{}}],"line":1052},"71":{"loc":{"start":{"line":1057,"column":4},"end":{"line":1059,"column":5}},"type":"if","locations":[{"start":{"line":1057,"column":4},"end":{"line":1059,"column":5}},{"start":{},"end":{}}],"line":1057},"72":{"loc":{"start":{"line":1072,"column":2},"end":{"line":1074,"column":3}},"type":"if","locations":[{"start":{"line":1072,"column":2},"end":{"line":1074,"column":3}},{"start":{},"end":{}}],"line":1072},"73":{"loc":{"start":{"line":1078,"column":4},"end":{"line":1080,"column":5}},"type":"if","locations":[{"start":{"line":1078,"column":4},"end":{"line":1080,"column":5}},{"start":{},"end":{}}],"line":1078},"74":{"loc":{"start":{"line":1083,"column":4},"end":{"line":1085,"column":5}},"type":"if","locations":[{"start":{"line":1083,"column":4},"end":{"line":1085,"column":5}},{"start":{},"end":{}}],"line":1083}},"s":{"0":1,"1":1,"2":1,"3":1,"4":1,"5":1,"6":1,"7":1,"8":1,"9":1,"10":1,"11":1,"12":1,"13":1,"14":1,"15":1,"16":1,"17":1,"18":1,"19":1,"20":1,"21":0,"22":1,"23":0,"24":0,"25":0,"26":0,"27":0,"28":0,"29":0,"30":0,"31":1,"32":0,"33":0,"34":0,"35":0,"36":0,"37":0,"38":0,"39":0,"40":0,"41":0,"42":0,"43":0,"44":0,"45":0,"46":0,"47":0,"48":0,"49":0,"50":0,"51":0,"52":0,"53":0,"54":0,"55":0,"56":0,"57":1,"58":3,"59":3,"60":3,"61":1,"62":1,"63":2,"64":2,"65":2,"66":2,"67":2,"68":1,"69":1,"70":1,"71":1,"72":1,"73":0,"74":0,"75":0,"76":0,"77":0,"78":0,"79":0,"80":0,"81":1,"82":1,"83":1,"84":4,"85":4,"86":1,"87":3,"88":3,"89":3,"90":3,"91":1,"92":2,"93":2,"94":1,"95":1,"96":1,"97":1,"98":1,"99":1,"100":0,"101":1,"102":0,"103":0,"104":1,"105":1,"106":1,"107":1,"108":0,"109":0,"110":1,"111":0,"112":0,"113":0,"114":0,"115":0,"116":1,"117":0,"118":0,"119":0,"120":0,"121":0,"122":0,"123":0,"124":0,"125":0,"126":0,"127":0,"128":0,"129":0,"130":0,"131":0,"132":0,"133":1,"134":0,"135":0,"136":0,"137":0,"138":0,"139":0,"140":0,"141":0,"142":0,"143":0,"144":1,"145":2,"146":2,"147":0,"148":2,"149":1,"150":1,"151":1,"152":1,"153":1,"154":0,"155":1,"156":1,"157":0,"158":0,"159":0,"160":0,"161":0,"162":0,"163":0,"164":0,"165":1,"166":1,"167":1,"168":2,"169":1,"170":1,"171":1,"172":1,"173":0,"174":0,"175":1,"176":0,"177":0,"178":0,"179":0,"180":0,"181":0,"182":0,"183":0,"184":0,"185":0,"186":0,"187":0,"188":0,"189":1,"190":0,"191":0,"192":0,"193":0,"194":0,"195":0,"196":0,"197":0,"198":0,"199":0,"200":0,"201":0,"202":0,"203":1,"204":0,"205":0,"206":0,"207":0,"208":0,"209":0,"210":0,"211":0,"212":0,"213":0,"214":0,"215":0,"216":0,"217":0,"218":0,"219":1,"220":0,"221":0,"222":0,"223":0,"224":0,"225":0,"226":0,"227":0,"228":0,"229":0,"230":0,"231":0,"232":1,"233":0,"234":0,"235":0,"236":0,"237":0,"238":0,"239":0,"240":0,"241":0,"242":0,"243":0,"244":0,"245":0,"246":0,"247":0,"248":0,"249":0,"250":0,"251":0,"252":0,"253":0,"254":0,"255":1,"256":0,"257":0,"258":0,"259":0,"260":0,"261":0,"262":0,"263":0,"264":0,"265":0,"266":0,"267":0,"268":0,"269":1,"270":0,"271":0,"272":0,"273":0,"274":0,"275":0,"276":0,"277":0,"278":0,"279":0,"280":0,"281":0,"282":0,"283":1,"284":0,"285":0,"286":0,"287":0,"288":0,"289":0,"290":0,"291":1,"292":0,"293":0,"294":0,"295":0,"296":0,"297":0,"298":0,"299":0,"300":0,"301":0,"302":0,"303":0,"304":0,"305":0,"306":0,"307":1,"308":0,"309":0,"310":0,"311":0,"312":0,"313":0,"314":0,"315":0,"316":0,"317":0,"318":0,"319":0,"320":0,"321":0,"322":0,"323":0,"324":0,"325":0,"326":0,"327":0,"328":0,"329":0,"330":0,"331":0,"332":1,"333":0,"334":0,"335":0,"336":0,"337":0,"338":0,"339":0,"340":0,"341":0,"342":0,"343":0,"344":0,"345":1,"346":0,"347":0,"348":0,"349":0,"350":0,"351":0,"352":0,"353":0,"354":0,"355":0,"356":0,"357":0,"358":1},"f":{"0":1,"1":0,"2":0,"3":3,"4":0,"5":4,"6":1,"7":1,"8":0,"9":0,"10":0,"11":2,"12":2,"13":0,"14":0,"15":0,"16":0,"17":0,"18":0,"19":0,"20":0,"21":0,"22":0,"23":0,"24":0},"b":{"0":[0,1],"1":[1,1],"2":[0,0],"3":[0,0],"4":[0,0],"5":[0,0],"6":[0,0],"7":[0,0,0],"8":[0,0],"9":[0,0],"10":[1,2],"11":[1,1],"12":[0,0],"13":[0,0],"14":[1,3],"15":[1,2],"16":[1,1],"17":[1,1],"18":[0,1],"19":[0,0],"20":[0,0],"21":[0,0],"22":[0,0],"23":[0,0],"24":[0,0],"25":[0,0],"26":[0,0],"27":[0,0],"28":[0,2],"29":[1,1],"30":[0,1],"31":[1,0],"32":[0,0],"33":[1,1],"34":[0,0],"35":[0,0],"36":[0,0],"37":[0,0],"38":[0,0],"39":[0,0],"40":[0,0],"41":[0,0],"42":[0,0],"43":[0,0],"44":[0,0],"45":[0,0],"46":[0,0],"47":[0,0],"48":[0,0],"49":[0,0],"50":[0,0],"51":[0,0],"52":[0,0],"53":[0,0],"54":[0,0],"55":[0,0],"56":[0,0],"57":[0,0],"58":[0,0],"59":[0,0],"60":[0,0],"61":[0,0,0],"62":[0,0],"63":[0,0],"64":[0,0],"65":[0,0],"66":[0,0,0],"67":[0,0],"68":[0,0],"69":[0,0],"70":[0,0],"71":[0,0],"72":[0,0],"73":[0,0],"74":[0,0]},"_coverageSchema":"1a1c01bbd47fc00a2c39e90264f33305004495a9","hash":"f4a604360cb25fd88b8b56ac25debaa247719990"}
,"/mnt/c/Users/laptop/Desktop/2025-csc1097-mahala2-shahf3/fabric-test-app/routes/medicines.js": {"path":"/mnt/c/Users/laptop/Desktop/2025-csc1097-mahala2-shahf3/fabric-test-app/routes/medicines.js","statementMap":{"0":{"start":{"line":1,"column":16},"end":{"line":1,"column":34}},"1":{"start":{"line":2,"column":15},"end":{"line":2,"column":31}},"2":{"start":{"line":3,"column":35},"end":{"line":3,"column":63}},"3":{"start":{"line":4,"column":29},"end":{"line":4,"column":54}},"4":{"start":{"line":5,"column":13},"end":{"line":5,"column":28}},"5":{"start":{"line":6,"column":11},"end":{"line":6,"column":24}},"6":{"start":{"line":7,"column":15},"end":{"line":7,"column":32}},"7":{"start":{"line":8,"column":54},"end":{"line":8,"column":83}},"8":{"start":{"line":9,"column":16},"end":{"line":9,"column":76}},"9":{"start":{"line":10,"column":12},"end":{"line":10,"column":56}},"10":{"start":{"line":11,"column":90},"end":{"line":11,"column":123}},"11":{"start":{"line":15,"column":22},"end":{"line":22,"column":3}},"12":{"start":{"line":24,"column":24},"end":{"line":24,"column":51}},"13":{"start":{"line":27,"column":15},"end":{"line":30,"column":18}},"14":{"start":{"line":32,"column":2},"end":{"line":35,"column":5}},"15":{"start":{"line":40,"column":2},"end":{"line":64,"column":3}},"16":{"start":{"line":41,"column":17},"end":{"line":41,"column":38}},"17":{"start":{"line":43,"column":42},"end":{"line":43,"column":46}},"18":{"start":{"line":46,"column":26},"end":{"line":46,"column":53}},"19":{"start":{"line":47,"column":25},"end":{"line":50,"column":20}},"20":{"start":{"line":52,"column":4},"end":{"line":54,"column":5}},"21":{"start":{"line":53,"column":6},"end":{"line":53,"column":59}},"22":{"start":{"line":56,"column":16},"end":{"line":56,"column":26}},"23":{"start":{"line":57,"column":4},"end":{"line":59,"column":5}},"24":{"start":{"line":58,"column":6},"end":{"line":58,"column":57}},"25":{"start":{"line":61,"column":4},"end":{"line":61,"column":60}},"26":{"start":{"line":63,"column":4},"end":{"line":63,"column":57}},"27":{"start":{"line":70,"column":2},"end":{"line":72,"column":3}},"28":{"start":{"line":71,"column":4},"end":{"line":71,"column":16}},"29":{"start":{"line":75,"column":2},"end":{"line":77,"column":3}},"30":{"start":{"line":76,"column":4},"end":{"line":76,"column":55}},"31":{"start":{"line":80,"column":2},"end":{"line":85,"column":3}},"32":{"start":{"line":81,"column":4},"end":{"line":84,"column":71}},"33":{"start":{"line":84,"column":14},"end":{"line":84,"column":68}},"34":{"start":{"line":88,"column":2},"end":{"line":90,"column":3}},"35":{"start":{"line":89,"column":4},"end":{"line":89,"column":43}},"36":{"start":{"line":93,"column":2},"end":{"line":93,"column":15}},"37":{"start":{"line":99,"column":0},"end":{"line":136,"column":3}},"38":{"start":{"line":100,"column":2},"end":{"line":135,"column":3}},"39":{"start":{"line":101,"column":23},"end":{"line":101,"column":56}},"40":{"start":{"line":102,"column":19},"end":{"line":102,"column":64}},"41":{"start":{"line":103,"column":21},"end":{"line":103,"column":48}},"42":{"start":{"line":104,"column":4},"end":{"line":106,"column":5}},"43":{"start":{"line":105,"column":6},"end":{"line":105,"column":92}},"44":{"start":{"line":108,"column":20},"end":{"line":108,"column":33}},"45":{"start":{"line":109,"column":4},"end":{"line":113,"column":7}},"46":{"start":{"line":115,"column":20},"end":{"line":115,"column":57}},"47":{"start":{"line":116,"column":21},"end":{"line":116,"column":61}},"48":{"start":{"line":119,"column":4},"end":{"line":127,"column":5}},"49":{"start":{"line":120,"column":6},"end":{"line":120,"column":69}},"50":{"start":{"line":121,"column":11},"end":{"line":127,"column":5}},"51":{"start":{"line":122,"column":6},"end":{"line":122,"column":103}},"52":{"start":{"line":123,"column":11},"end":{"line":127,"column":5}},"53":{"start":{"line":124,"column":6},"end":{"line":124,"column":96}},"54":{"start":{"line":126,"column":6},"end":{"line":126,"column":68}},"55":{"start":{"line":129,"column":4},"end":{"line":129,"column":31}},"56":{"start":{"line":130,"column":22},"end":{"line":130,"column":51}},"57":{"start":{"line":131,"column":4},"end":{"line":131,"column":24}},"58":{"start":{"line":133,"column":4},"end":{"line":133,"column":55}},"59":{"start":{"line":134,"column":4},"end":{"line":134,"column":51}},"60":{"start":{"line":141,"column":0},"end":{"line":173,"column":3}},"61":{"start":{"line":142,"column":2},"end":{"line":172,"column":3}},"62":{"start":{"line":143,"column":22},"end":{"line":143,"column":32}},"63":{"start":{"line":144,"column":4},"end":{"line":146,"column":5}},"64":{"start":{"line":145,"column":6},"end":{"line":145,"column":114}},"65":{"start":{"line":148,"column":23},"end":{"line":148,"column":56}},"66":{"start":{"line":149,"column":19},"end":{"line":149,"column":64}},"67":{"start":{"line":150,"column":21},"end":{"line":150,"column":48}},"68":{"start":{"line":151,"column":4},"end":{"line":153,"column":5}},"69":{"start":{"line":152,"column":6},"end":{"line":152,"column":92}},"70":{"start":{"line":155,"column":20},"end":{"line":155,"column":33}},"71":{"start":{"line":156,"column":4},"end":{"line":160,"column":7}},"72":{"start":{"line":162,"column":20},"end":{"line":162,"column":57}},"73":{"start":{"line":163,"column":21},"end":{"line":163,"column":61}},"74":{"start":{"line":165,"column":19},"end":{"line":165,"column":83}},"75":{"start":{"line":166,"column":4},"end":{"line":166,"column":31}},"76":{"start":{"line":167,"column":22},"end":{"line":167,"column":51}},"77":{"start":{"line":168,"column":4},"end":{"line":168,"column":24}},"78":{"start":{"line":170,"column":4},"end":{"line":170,"column":64}},"79":{"start":{"line":171,"column":4},"end":{"line":171,"column":90}},"80":{"start":{"line":178,"column":0},"end":{"line":210,"column":3}},"81":{"start":{"line":179,"column":2},"end":{"line":209,"column":3}},"82":{"start":{"line":180,"column":29},"end":{"line":180,"column":39}},"83":{"start":{"line":181,"column":4},"end":{"line":183,"column":5}},"84":{"start":{"line":182,"column":6},"end":{"line":182,"column":114}},"85":{"start":{"line":185,"column":23},"end":{"line":185,"column":56}},"86":{"start":{"line":186,"column":19},"end":{"line":186,"column":64}},"87":{"start":{"line":187,"column":21},"end":{"line":187,"column":48}},"88":{"start":{"line":188,"column":4},"end":{"line":190,"column":5}},"89":{"start":{"line":189,"column":6},"end":{"line":189,"column":92}},"90":{"start":{"line":192,"column":20},"end":{"line":192,"column":33}},"91":{"start":{"line":193,"column":4},"end":{"line":197,"column":7}},"92":{"start":{"line":199,"column":20},"end":{"line":199,"column":57}},"93":{"start":{"line":200,"column":21},"end":{"line":200,"column":61}},"94":{"start":{"line":202,"column":19},"end":{"line":202,"column":97}},"95":{"start":{"line":203,"column":4},"end":{"line":203,"column":31}},"96":{"start":{"line":204,"column":22},"end":{"line":204,"column":51}},"97":{"start":{"line":205,"column":4},"end":{"line":205,"column":24}},"98":{"start":{"line":207,"column":4},"end":{"line":207,"column":71}},"99":{"start":{"line":208,"column":4},"end":{"line":208,"column":97}},"100":{"start":{"line":215,"column":0},"end":{"line":283,"column":2}},"101":{"start":{"line":227,"column":4},"end":{"line":281,"column":5}},"102":{"start":{"line":228,"column":21},"end":{"line":228,"column":42}},"103":{"start":{"line":229,"column":6},"end":{"line":231,"column":7}},"104":{"start":{"line":230,"column":8},"end":{"line":230,"column":64}},"105":{"start":{"line":233,"column":97},"end":{"line":233,"column":105}},"106":{"start":{"line":234,"column":27},"end":{"line":234,"column":48}},"107":{"start":{"line":236,"column":25},"end":{"line":236,"column":58}},"108":{"start":{"line":237,"column":21},"end":{"line":237,"column":66}},"109":{"start":{"line":238,"column":23},"end":{"line":238,"column":50}},"110":{"start":{"line":239,"column":6},"end":{"line":241,"column":7}},"111":{"start":{"line":240,"column":8},"end":{"line":240,"column":94}},"112":{"start":{"line":243,"column":22},"end":{"line":243,"column":35}},"113":{"start":{"line":244,"column":6},"end":{"line":248,"column":9}},"114":{"start":{"line":250,"column":22},"end":{"line":250,"column":59}},"115":{"start":{"line":251,"column":23},"end":{"line":251,"column":63}},"116":{"start":{"line":253,"column":24},"end":{"line":253,"column":48}},"117":{"start":{"line":254,"column":21},"end":{"line":264,"column":7}},"118":{"start":{"line":266,"column":6},"end":{"line":266,"column":33}},"119":{"start":{"line":267,"column":23},"end":{"line":267,"column":52}},"120":{"start":{"line":269,"column":24},"end":{"line":269,"column":80}},"121":{"start":{"line":270,"column":27},"end":{"line":270,"column":68}},"122":{"start":{"line":272,"column":6},"end":{"line":277,"column":9}},"123":{"start":{"line":279,"column":6},"end":{"line":279,"column":61}},"124":{"start":{"line":280,"column":6},"end":{"line":280,"column":87}},"125":{"start":{"line":288,"column":0},"end":{"line":410,"column":2}},"126":{"start":{"line":297,"column":4},"end":{"line":408,"column":5}},"127":{"start":{"line":298,"column":21},"end":{"line":298,"column":42}},"128":{"start":{"line":299,"column":6},"end":{"line":301,"column":7}},"129":{"start":{"line":300,"column":8},"end":{"line":300,"column":64}},"130":{"start":{"line":303,"column":21},"end":{"line":303,"column":31}},"131":{"start":{"line":304,"column":42},"end":{"line":304,"column":50}},"132":{"start":{"line":305,"column":22},"end":{"line":305,"column":43}},"133":{"start":{"line":306,"column":23},"end":{"line":306,"column":36}},"134":{"start":{"line":308,"column":30},"end":{"line":313,"column":7}},"135":{"start":{"line":315,"column":6},"end":{"line":319,"column":7}},"136":{"start":{"line":316,"column":8},"end":{"line":318,"column":11}},"137":{"start":{"line":321,"column":22},"end":{"line":321,"column":39}},"138":{"start":{"line":322,"column":27},"end":{"line":322,"column":49}},"139":{"start":{"line":323,"column":26},"end":{"line":323,"column":47}},"140":{"start":{"line":324,"column":28},"end":{"line":324,"column":51}},"141":{"start":{"line":325,"column":25},"end":{"line":325,"column":58}},"142":{"start":{"line":327,"column":6},"end":{"line":333,"column":9}},"143":{"start":{"line":335,"column":25},"end":{"line":335,"column":58}},"144":{"start":{"line":336,"column":21},"end":{"line":336,"column":66}},"145":{"start":{"line":337,"column":23},"end":{"line":337,"column":50}},"146":{"start":{"line":338,"column":6},"end":{"line":340,"column":7}},"147":{"start":{"line":339,"column":8},"end":{"line":339,"column":94}},"148":{"start":{"line":342,"column":22},"end":{"line":342,"column":35}},"149":{"start":{"line":343,"column":6},"end":{"line":347,"column":9}},"150":{"start":{"line":349,"column":22},"end":{"line":349,"column":59}},"151":{"start":{"line":350,"column":23},"end":{"line":350,"column":63}},"152":{"start":{"line":353,"column":6},"end":{"line":380,"column":7}},"153":{"start":{"line":354,"column":23},"end":{"line":354,"column":81}},"154":{"start":{"line":355,"column":25},"end":{"line":355,"column":54}},"155":{"start":{"line":357,"column":8},"end":{"line":360,"column":9}},"156":{"start":{"line":358,"column":10},"end":{"line":358,"column":37}},"157":{"start":{"line":359,"column":10},"end":{"line":359,"column":80}},"158":{"start":{"line":362,"column":8},"end":{"line":367,"column":9}},"159":{"start":{"line":363,"column":10},"end":{"line":363,"column":37}},"160":{"start":{"line":364,"column":10},"end":{"line":366,"column":13}},"161":{"start":{"line":369,"column":8},"end":{"line":372,"column":9}},"162":{"start":{"line":370,"column":10},"end":{"line":370,"column":37}},"163":{"start":{"line":371,"column":10},"end":{"line":371,"column":84}},"164":{"start":{"line":374,"column":31},"end":{"line":374,"column":64}},"165":{"start":{"line":375,"column":28},"end":{"line":375,"column":38}},"166":{"start":{"line":376,"column":8},"end":{"line":379,"column":9}},"167":{"start":{"line":377,"column":10},"end":{"line":377,"column":37}},"168":{"start":{"line":378,"column":10},"end":{"line":378,"column":85}},"169":{"start":{"line":382,"column":21},"end":{"line":389,"column":7}},"170":{"start":{"line":391,"column":6},"end":{"line":391,"column":33}},"171":{"start":{"line":392,"column":30},"end":{"line":392,"column":59}},"172":{"start":{"line":394,"column":6},"end":{"line":398,"column":9}},"173":{"start":{"line":400,"column":6},"end":{"line":400,"column":53}},"174":{"start":{"line":401,"column":6},"end":{"line":403,"column":20}},"175":{"start":{"line":402,"column":8},"end":{"line":402,"column":35}},"176":{"start":{"line":404,"column":6},"end":{"line":407,"column":9}},"177":{"start":{"line":415,"column":0},"end":{"line":490,"column":2}},"178":{"start":{"line":423,"column":4},"end":{"line":488,"column":5}},"179":{"start":{"line":424,"column":21},"end":{"line":424,"column":42}},"180":{"start":{"line":425,"column":6},"end":{"line":428,"column":7}},"181":{"start":{"line":426,"column":8},"end":{"line":426,"column":58}},"182":{"start":{"line":427,"column":8},"end":{"line":427,"column":64}},"183":{"start":{"line":430,"column":21},"end":{"line":430,"column":31}},"184":{"start":{"line":431,"column":35},"end":{"line":431,"column":43}},"185":{"start":{"line":432,"column":24},"end":{"line":432,"column":45}},"186":{"start":{"line":434,"column":22},"end":{"line":434,"column":39}},"187":{"start":{"line":435,"column":29},"end":{"line":435,"column":53}},"188":{"start":{"line":436,"column":26},"end":{"line":436,"column":47}},"189":{"start":{"line":437,"column":28},"end":{"line":437,"column":51}},"190":{"start":{"line":439,"column":6},"end":{"line":444,"column":9}},"191":{"start":{"line":446,"column":25},"end":{"line":446,"column":58}},"192":{"start":{"line":447,"column":21},"end":{"line":447,"column":66}},"193":{"start":{"line":448,"column":23},"end":{"line":448,"column":50}},"194":{"start":{"line":449,"column":6},"end":{"line":451,"column":7}},"195":{"start":{"line":450,"column":8},"end":{"line":450,"column":94}},"196":{"start":{"line":453,"column":22},"end":{"line":453,"column":35}},"197":{"start":{"line":454,"column":6},"end":{"line":458,"column":9}},"198":{"start":{"line":460,"column":22},"end":{"line":460,"column":59}},"199":{"start":{"line":461,"column":23},"end":{"line":461,"column":63}},"200":{"start":{"line":463,"column":21},"end":{"line":469,"column":7}},"201":{"start":{"line":471,"column":6},"end":{"line":471,"column":33}},"202":{"start":{"line":472,"column":30},"end":{"line":472,"column":59}},"203":{"start":{"line":474,"column":6},"end":{"line":478,"column":9}},"204":{"start":{"line":480,"column":6},"end":{"line":480,"column":51}},"205":{"start":{"line":481,"column":6},"end":{"line":483,"column":20}},"206":{"start":{"line":482,"column":8},"end":{"line":482,"column":35}},"207":{"start":{"line":484,"column":6},"end":{"line":487,"column":9}},"208":{"start":{"line":495,"column":0},"end":{"line":595,"column":2}},"209":{"start":{"line":503,"column":4},"end":{"line":593,"column":5}},"210":{"start":{"line":504,"column":21},"end":{"line":504,"column":42}},"211":{"start":{"line":505,"column":6},"end":{"line":507,"column":7}},"212":{"start":{"line":506,"column":8},"end":{"line":506,"column":64}},"213":{"start":{"line":509,"column":21},"end":{"line":509,"column":31}},"214":{"start":{"line":510,"column":31},"end":{"line":510,"column":39}},"215":{"start":{"line":512,"column":6},"end":{"line":514,"column":7}},"216":{"start":{"line":513,"column":8},"end":{"line":513,"column":70}},"217":{"start":{"line":516,"column":6},"end":{"line":518,"column":7}},"218":{"start":{"line":517,"column":8},"end":{"line":517,"column":89}},"219":{"start":{"line":520,"column":6},"end":{"line":520,"column":61}},"220":{"start":{"line":521,"column":6},"end":{"line":521,"column":49}},"221":{"start":{"line":523,"column":25},"end":{"line":523,"column":58}},"222":{"start":{"line":524,"column":21},"end":{"line":524,"column":66}},"223":{"start":{"line":525,"column":23},"end":{"line":525,"column":50}},"224":{"start":{"line":526,"column":6},"end":{"line":528,"column":7}},"225":{"start":{"line":527,"column":8},"end":{"line":527,"column":94}},"226":{"start":{"line":530,"column":22},"end":{"line":530,"column":35}},"227":{"start":{"line":531,"column":6},"end":{"line":535,"column":9}},"228":{"start":{"line":537,"column":22},"end":{"line":537,"column":59}},"229":{"start":{"line":538,"column":23},"end":{"line":538,"column":63}},"230":{"start":{"line":540,"column":29},"end":{"line":540,"column":82}},"231":{"start":{"line":541,"column":23},"end":{"line":541,"column":60}},"232":{"start":{"line":543,"column":6},"end":{"line":546,"column":7}},"233":{"start":{"line":544,"column":8},"end":{"line":544,"column":35}},"234":{"start":{"line":545,"column":8},"end":{"line":545,"column":113}},"235":{"start":{"line":548,"column":31},"end":{"line":548,"column":59}},"236":{"start":{"line":549,"column":21},"end":{"line":549,"column":107}},"237":{"start":{"line":551,"column":6},"end":{"line":551,"column":33}},"238":{"start":{"line":552,"column":30},"end":{"line":552,"column":59}},"239":{"start":{"line":579,"column":6},"end":{"line":583,"column":9}},"240":{"start":{"line":585,"column":6},"end":{"line":585,"column":57}},"241":{"start":{"line":586,"column":6},"end":{"line":588,"column":20}},"242":{"start":{"line":587,"column":8},"end":{"line":587,"column":35}},"243":{"start":{"line":589,"column":6},"end":{"line":592,"column":9}},"244":{"start":{"line":600,"column":0},"end":{"line":786,"column":3}},"245":{"start":{"line":601,"column":2},"end":{"line":785,"column":3}},"246":{"start":{"line":602,"column":23},"end":{"line":602,"column":33}},"247":{"start":{"line":603,"column":4},"end":{"line":603,"column":86}},"248":{"start":{"line":605,"column":4},"end":{"line":607,"column":5}},"249":{"start":{"line":606,"column":6},"end":{"line":606,"column":105}},"250":{"start":{"line":609,"column":21},"end":{"line":609,"column":73}},"251":{"start":{"line":611,"column":23},"end":{"line":611,"column":56}},"252":{"start":{"line":612,"column":19},"end":{"line":612,"column":64}},"253":{"start":{"line":613,"column":21},"end":{"line":613,"column":48}},"254":{"start":{"line":614,"column":4},"end":{"line":616,"column":5}},"255":{"start":{"line":615,"column":6},"end":{"line":615,"column":92}},"256":{"start":{"line":618,"column":20},"end":{"line":618,"c
[...]
}},"97":{"start":{"line":277,"column":6},"end":{"line":277,"column":40}},"98":{"start":{"line":280,"column":6},"end":{"line":314,"column":7}},"99":{"start":{"line":281,"column":28},"end":{"line":309,"column":9}},"100":{"start":{"line":311,"column":8},"end":{"line":311,"column":48}},"101":{"start":{"line":313,"column":8},"end":{"line":313,"column":62}},"102":{"start":{"line":316,"column":6},"end":{"line":319,"column":9}},"103":{"start":{"line":322,"column":6},"end":{"line":322,"column":63}},"104":{"start":{"line":323,"column":6},"end":{"line":323,"column":54}},"105":{"start":{"line":328,"column":0},"end":{"line":328,"column":24}}},"fnMap":{"0":{"name":"(anonymous_0)","decl":{"start":{"line":32,"column":2},"end":{"line":32,"column":3}},"loc":{"start":{"line":32,"column":22},"end":{"line":133,"column":3}},"line":32},"1":{"name":"(anonymous_1)","decl":{"start":{"line":142,"column":29},"end":{"line":142,"column":30}},"loc":{"start":{"line":142,"column":49},"end":{"line":158,"column":1}},"line":142},"2":{"name":"(anonymous_2)","decl":{"start":{"line":163,"column":35},"end":{"line":163,"column":36}},"loc":{"start":{"line":163,"column":55},"end":{"line":176,"column":1}},"line":163},"3":{"name":"(anonymous_3)","decl":{"start":{"line":181,"column":37},"end":{"line":181,"column":38}},"loc":{"start":{"line":181,"column":57},"end":{"line":201,"column":1}},"line":181},"4":{"name":"(anonymous_4)","decl":{"start":{"line":206,"column":40},"end":{"line":206,"column":41}},"loc":{"start":{"line":206,"column":60},"end":{"line":226,"column":1}},"line":206},"5":{"name":"(anonymous_5)","decl":{"start":{"line":237,"column":2},"end":{"line":237,"column":3}},"loc":{"start":{"line":237,"column":22},"end":{"line":325,"column":3}},"line":237}},"branchMap":{"0":{"loc":{"start":{"line":34,"column":4},"end":{"line":36,"column":5}},"type":"if","locations":[{"start":{"line":34,"column":4},"end":{"line":36,"column":5}},{"start":{},"end":{}}],"line":34},"1":{"loc":{"start":{"line":44,"column":6},"end":{"line":46,"column":7}},"type":"if","locations":[{"start":{"line":44,"column":6},"end":{"line":46,"column":7}},{"start":{},"end":{}}],"line":44},"2":{"loc":{"start":{"line":44,"column":10},"end":{"line":44,"column":31}},"type":"binary-expr","locations":[{"start":{"line":44,"column":10},"end":{"line":44,"column":17}},{"start":{"line":44,"column":21},"end":{"line":44,"column":31}}],"line":44},"3":{"loc":{"start":{"line":52,"column":0},"end":{"line":68,"column":1}},"type":"if","locations":[{"start":{"line":52,"column":0},"end":{"line":68,"column":1}},{"start":{"line":56,"column":7},"end":{"line":68,"column":1}}],"line":52},"4":{"loc":{"start":{"line":52,"column":4},"end":{"line":52,"column":70}},"type":"binary-expr","locations":[{"start":{"line":52,"column":4},"end":{"line":52,"column":34}},{"start":{"line":52,"column":38},"end":{"line":52,"column":70}}],"line":52},"5":{"loc":{"start":{"line":53,"column":2},"end":{"line":55,"column":3}},"type":"if","locations":[{"start":{"line":53,"column":2},"end":{"line":55,"column":3}},{"start":{},"end":{}}],"line":53},"6":{"loc":{"start":{"line":56,"column":7},"end":{"line":68,"column":1}},"type":"if","locations":[{"start":{"line":56,"column":7},"end":{"line":68,"column":1}},{"start":{"line":60,"column":7},"end":{"line":68,"column":1}}],"line":56},"7":{"loc":{"start":{"line":56,"column":11},"end":{"line":56,"column":77}},"type":"binary-expr","locations":[{"start":{"line":56,"column":11},"end":{"line":56,"column":40}},{"start":{"line":56,"column":44},"end":{"line":56,"column":77}}],"line":56},"8":{"loc":{"start":{"line":57,"column":2},"end":{"line":59,"column":3}},"type":"if","locations":[{"start":{"line":57,"column":2},"end":{"line":59,"column":3}},{"start":{},"end":{}}],"line":57},"9":{"loc":{"start":{"line":60,"column":7},"end":{"line":68,"column":1}},"type":"if","locations":[{"start":{"line":60,"column":7},"end":{"line":68,"column":1}},{"start":{"line":64,"column":7},"end":{"line":68,"column":1}}],"line":60},"10":{"loc":{"start":{"line":60,"column":11},"end":{"line":60,"column":75}},"type":"binary-expr","locations":[{"start":{"line":60,"column":11},"end":{"line":60,"column":41}},{"start":{"line":60,"column":45},"end":{"line":60,"column":75}}],"line":60},"11":{"loc":{"start":{"line":61,"column":2},"end":{"line":63,"column":3}},"type":"if","locations":[{"start":{"line":61,"column":2},"end":{"line":63,"column":3}},{"start":{},"end":{}}],"line":61},"12":{"loc":{"start":{"line":64,"column":7},"end":{"line":68,"column":1}},"type":"if","locations":[{"start":{"line":64,"column":7},"end":{"line":68,"column":1}},{"start":{},"end":{}}],"line":64},"13":{"loc":{"start":{"line":64,"column":11},"end":{"line":64,"column":75}},"type":"binary-expr","locations":[{"start":{"line":64,"column":11},"end":{"line":64,"column":38}},{"start":{"line":64,"column":42},"end":{"line":64,"column":75}}],"line":64},"14":{"loc":{"start":{"line":65,"column":2},"end":{"line":67,"column":3}},"type":"if","locations":[{"start":{"line":65,"column":2},"end":{"line":67,"column":3}},{"start":{},"end":{}}],"line":65},"15":{"loc":{"start":{"line":70,"column":0},"end":{"line":72,"column":1}},"type":"if","locations":[{"start":{"line":70,"column":0},"end":{"line":72,"column":1}},{"start":{},"end":{}}],"line":70},"16":{"loc":{"start":{"line":81,"column":19},"end":{"line":81,"column":41}},"type":"binary-expr","locations":[{"start":{"line":81,"column":19},"end":{"line":81,"column":28}},{"start":{"line":81,"column":32},"end":{"line":81,"column":41}}],"line":81},"17":{"loc":{"start":{"line":82,"column":20},"end":{"line":82,"column":38}},"type":"binary-expr","locations":[{"start":{"line":82,"column":20},"end":{"line":82,"column":30}},{"start":{"line":82,"column":34},"end":{"line":82,"column":38}}],"line":82},"18":{"loc":{"start":{"line":97,"column":24},"end":{"line":97,"column":65}},"type":"binary-expr","locations":[{"start":{"line":97,"column":24},"end":{"line":97,"column":43}},{"start":{"line":97,"column":47},"end":{"line":97,"column":65}}],"line":97},"19":{"loc":{"start":{"line":185,"column":4},"end":{"line":187,"column":5}},"type":"if","locations":[{"start":{"line":185,"column":4},"end":{"line":187,"column":5}},{"start":{},"end":{}}],"line":185},"20":{"loc":{"start":{"line":189,"column":4},"end":{"line":191,"column":5}},"type":"if","locations":[{"start":{"line":189,"column":4},"end":{"line":191,"column":5}},{"start":{},"end":{}}],"line":189},"21":{"loc":{"start":{"line":210,"column":4},"end":{"line":212,"column":5}},"type":"if","locations":[{"start":{"line":210,"column":4},"end":{"line":212,"column":5}},{"start":{},"end":{}}],"line":210},"22":{"loc":{"start":{"line":214,"column":4},"end":{"line":216,"column":5}},"type":"if","locations":[{"start":{"line":214,"column":4},"end":{"line":216,"column":5}},{"start":{},"end":{}}],"line":214},"23":{"loc":{"start":{"line":239,"column":4},"end":{"line":241,"column":5}},"type":"if","locations":[{"start":{"line":239,"column":4},"end":{"line":241,"column":5}},{"start":{},"end":{}}],"line":239},"24":{"loc":{"start":{"line":246,"column":6},"end":{"line":248,"column":7}},"type":"if","locations":[{"start":{"line":246,"column":6},"end":{"line":248,"column":7}},{"start":{},"end":{}}],"line":246},"25":{"loc":{"start":{"line":250,"column":6},"end":{"line":252,"column":7}},"type":"if","locations":[{"start":{"line":250,"column":6},"end":{"line":252,"column":7}},{"start":{},"end":{}}],"line":250},"26":{"loc":{"start":{"line":257,"column":6},"end":{"line":259,"column":7}},"type":"if","locations":[{"start":{"line":257,"column":6},"end":{"line":259,"column":7}},{"start":{},"end":{}}],"line":257},"27":{"loc":{"start":{"line":257,"column":10},"end":{"line":257,"column":31}},"type":"binary-expr","locations":[{"start":{"line":257,"column":10},"end":{"line":257,"column":17}},{"start":{"line":257,"column":21},"end":{"line":257,"column":31}}],"line":257},"28":{"loc":{"start":{"line":289,"column":24},"end":{"line":289,"column":65}},"type":"binary-expr","locations":[{"start":{"line":289,"column":24},"end":{"line":289,"column":43}},{"start":{"line":289,"column":47},"end":{"line":289,"column":65}}],"line":289}},"s":{"0":1,"1":1,"2":1,"3":1,"4":1,"5":1,"6":1,"7":1,"8":1,"9":6,"10":6,"11":1,"12":5,"13":5,"14":5,"15":5,"16":5,"17":2,"18":3,"19":3,"20":2,"21":1,"22":1,"23":1,"24":1,"25":0,"26":0,"27":0,"28":0,"29":0,"30":0,"31":3,"32":1,"33":2,"34":0,"35":0,"36":0,"37":0,"38":0,"39":0,"40":2,"41":2,"42":1,"43":0,"44":0,"45":0,"46":0,"47":0,"48":0,"49":0,"50":1,"51":0,"52":0,"53":0,"54":0,"55":0,"56":1,"57":0,"58":0,"59":0,"60":0,"61":0,"62":0,"63":0,"64":0,"65":0,"66":0,"67":0,"68":1,"69":0,"70":0,"71":0,"72":0,"73":0,"74":0,"75":0,"76":0,"77":0,"78":0,"79":0,"80":1,"81":1,"82":1,"83":0,"84":1,"85":1,"86":1,"87":0,"88":1,"89":0,"90":1,"91":1,"92":1,"93":0,"94":1,"95":0,"96":0,"97":0,"98":0,"99":0,"100":0,"101":0,"102":0,"103":1,"104":1,"105":1},"f":{"0":6,"1":0,"2":0,"3":0,"4":0,"5":1},"b":{"0":[1,5],"1":[2,3],"2":[5,4],"3":[2,1],"4":[3,2],"5":[1,1],"6":[1,0],"7":[1,1],"8":[1,0],"9":[0,0],"10":[0,0],"11":[0,0],"12":[0,0],"13":[0,0],"14":[0,0],"15":[1,2],"16":[2,1],"17":[2,1],"18":[0,0],"19":[0,0],"20":[0,0],"21":[0,0],"22":[0,0],"23":[0,1],"24":[0,1],"25":[0,1],"26":[0,1],"27":[1,1],"28":[0,0]},"_coverageSchema":"1a1c01bbd47fc00a2c39e90264f33305004495a9","hash":"c33b22dcd32bedcff7d5d7a48101636177691918"}
,"/mnt/c/Users/laptop/Desktop/2025-csc1097-mahala2-shahf3/fabric-test-app/utils/passwordGenerator.js": {"path":"/mnt/c/Users/laptop/Desktop/2025-csc1097-mahala2-shahf3/fabric-test-app/utils/passwordGenerator.js","statementMap":{"0":{"start":{"line":2,"column":20},"end":{"line":2,"column":46}},"1":{"start":{"line":3,"column":20},"end":{"line":3,"column":47}},"2":{"start":{"line":4,"column":18},"end":{"line":4,"column":28}},"3":{"start":{"line":5,"column":18},"end":{"line":5,"column":28}},"4":{"start":{"line":7,"column":19},"end":{"line":7,"column":60}},"5":{"start":{"line":9,"column":17},"end":{"line":9,"column":19}},"6":{"start":{"line":11,"column":2},"end":{"line":11,"column":77}},"7":{"start":{"line":12,"column":2},"end":{"line":12,"column":77}},"8":{"start":{"line":13,"column":2},"end":{"line":13,"column":73}},"9":{"start":{"line":14,"column":2},"end":{"line":14,"column":73}},"10":{"start":{"line":16,"column":2},"end":{"line":18,"column":3}},"11":{"start":{"line":16,"column":15},"end":{"line":16,"column":16}},"12":{"start":{"line":17,"column":4},"end":{"line":17,"column":77}},"13":{"start":{"line":20,"column":2},"end":{"line":23,"column":14}},"14":{"start":{"line":22,"column":16},"end":{"line":22,"column":35}},"15":{"start":{"line":25,"column":2},"end":{"line":25,"column":18}},"16":{"start":{"line":28,"column":0},"end":{"line":28,"column":38}}},"fnMap":{"0":{"name":"generatePassword","decl":{"start":{"line":1,"column":9},"end":{"line":1,"column":25}},"loc":{"start":{"line":1,"column":39},"end":{"line":26,"column":1}},"line":1},"1":{"name":"(anonymous_1)","decl":{"start":{"line":22,"column":10},"end":{"line":22,"column":11}},"loc":{"start":{"line":22,"column":16},"end":{"line":22,"column":35}},"line":22}},"branchMap":{"0":{"loc":{"start":{"line":1,"column":26},"end":{"line":1,"column":37}},"type":"default-arg","locations":[{"start":{"line":1,"column":35},"end":{"line":1,"column":37}}],"line":1}},"s":{"0":12,"1":12,"2":12,"3":12,"4":12,"5":12,"6":12,"7":12,"8":12,"9":12,"10":12,"11":12,"12":136,"13":12,"14":558,"15":12,"16":1},"f":{"0":12,"1":558},"b":{"0":[7]},"_coverageSchema":"1a1c01bbd47fc00a2c39e90264f33305004495a9","hash":"a354348416feaba7d958f4236b8e06801d86c0da"}
,"/mnt/c/Users/laptop/Desktop/2025-csc1097-mahala2-shahf3/fabric-test-app/utils/securityUtils.js": {"path":"/mnt/c/Users/laptop/Desktop/2025-csc1097-mahala2-shahf3/fabric-test-app/utils/securityUtils.js","statementMap":{"0":{"start":{"line":1,"column":29},"end":{"line":1,"column":54}},"1":{"start":{"line":2,"column":11},"end":{"line":2,"column":24}},"2":{"start":{"line":3,"column":13},"end":{"line":3,"column":28}},"3":{"start":{"line":4,"column":25},"end":{"line":4,"column":62}},"4":{"start":{"line":8,"column":2},"end":{"line":10,"column":3}},"5":{"start":{"line":9,"column":4},"end":{"line":9,"column":16}},"6":{"start":{"line":13,"column":2},"end":{"line":15,"column":3}},"7":{"start":{"line":14,"column":4},"end":{"line":14,"column":55}},"8":{"start":{"line":17,"column":2},"end":{"line":22,"column":3}},"9":{"start":{"line":18,"column":4},"end":{"line":21,"column":71}},"10":{"start":{"line":21,"column":14},"end":{"line":21,"column":68}},"11":{"start":{"line":24,"column":2},"end":{"line":26,"column":3}},"12":{"start":{"line":25,"column":4},"end":{"line":25,"column":43}},"13":{"start":{"line":27,"column":2},"end":{"line":27,"column":15}},"14":{"start":{"line":31,"column":2},"end":{"line":75,"column":3}},"15":{"start":{"line":32,"column":20},"end":{"line":32,"column":80}},"16":{"start":{"line":33,"column":16},"end":{"line":33,"column":60}},"17":{"start":{"line":35,"column":23},"end":{"line":35,"column":56}},"18":{"start":{"line":36,"column":19},"end":{"line":36,"column":64}},"19":{"start":{"line":38,"column":21},"end":{"line":38,"column":48}},"20":{"start":{"line":39,"column":4},"end":{"line":41,"column":5}},"21":{"start":{"line":40,"column":6},"end":{"line":40,"column":69}},"22":{"start":{"line":43,"column":20},"end":{"line":43,"column":33}},"23":{"start":{"line":44,"column":4},"end":{"line":48,"column":7}},"24":{"start":{"line":50,"column":20},"end":{"line":50,"column":57}},"25":{"start":{"line":51,"column":21},"end":{"line":51,"column":61}},"26":{"start":{"line":54,"column":33},"end":{"line":54,"column":94}},"27":{"start":{"line":55,"column":27},"end":{"line":55,"column":70}},"28":{"start":{"line":57,"column":19},"end":{"line":57,"column":99}},"29":{"start":{"line":60,"column":23},"end":{"line":66,"column":5}},"30":{"start":{"line":68,"column":4},"end":{"line":68,"column":31}},"31":{"start":{"line":71,"column":4},"end":{"line":71,"column":45}},"32":{"start":{"line":73,"column":4},"end":{"line":73,"column":79}},"33":{"start":{"line":74,"column":4},"end":{"line":74,"column":16}},"34":{"start":{"line":79,"column":2},"end":{"line":114,"column":3}},"35":{"start":{"line":80,"column":21},"end":{"line":104,"column":6}},"36":{"start":{"line":106,"column":4},"end":{"line":106,"column":26}},"37":{"start":{"line":108,"column":4},"end":{"line":108,"column":123}},"38":{"start":{"line":110,"column":4},"end":{"line":110,"column":20}},"39":{"start":{"line":112,"column":4},"end":{"line":112,"column":66}},"40":{"start":{"line":113,"column":4},"end":{"line":113,"column":16}},"41":{"start":{"line":118,"column":2},"end":{"line":120,"column":3}},"42":{"start":{"line":119,"column":4},"end":{"line":119,"column":22}},"43":{"start":{"line":122,"column":2},"end":{"line":124,"column":3}},"44":{"start":{"line":123,"column":4},"end":{"line":123,"column":18}},"45":{"start":{"line":126,"column":2},"end":{"line":126,"column":18}},"46":{"start":{"line":129,"column":0},"end":{"line":133,"column":2}}},"fnMap":{"0":{"name":"isAuthorizedToScan","decl":{"start":{"line":6,"column":9},"end":{"line":6,"column":27}},"loc":{"start":{"line":6,"column":44},"end":{"line":28,"column":1}},"line":6},"1":{"name":"(anonymous_1)","decl":{"start":{"line":20,"column":38},"end":{"line":20,"column":39}},"loc":{"start":{"line":21,"column":14},"end":{"line":21,"column":68}},"line":21},"2":{"name":"flagMedicineForUnauthorizedAccess","decl":{"start":{"line":30,"column":15},"end":{"line":30,"column":48}},"loc":{"start":{"line":30,"column":77},"end":{"line":76,"column":1}},"line":30},"3":{"name":"recordSecurityIncident","decl":{"start":{"line":78,"column":15},"end":{"line":78,"column":37}},"loc":{"start":{"line":78,"column":67},"end":{"line":115,"column":1}},"line":78},"4":{"name":"determineSeverity","decl":{"start":{"line":117,"column":9},"end":{"line":117,"column":26}},"loc":{"start":{"line":117,"column":43},"end":{"line":127,"column":1}},"line":117}},"branchMap":{"0":{"loc":{"start":{"line":8,"column":2},"end":{"line":10,"column":3}},"type":"if","locations":[{"start":{"line":8,"column":2},"end":{"line":10,"column":3}},{"start":{},"end":{}}],"line":8},"1":{"loc":{"start":{"line":13,"column":2},"end":{"line":15,"column":3}},"type":"if","locations":[{"start":{"line":13,"column":2},"end":{"line":15,"column":3}},{"start":{},"end":{}}],"line":13},"2":{"loc":{"start":{"line":17,"column":2},"end":{"line":22,"column":3}},"type":"if","locations":[{"start":{"line":17,"column":2},"end":{"line":22,"column":3}},{"start":{},"end":{}}],"line":17},"3":{"loc":{"start":{"line":18,"column":11},"end":{"line":21,"column":70}},"type":"binary-expr","locations":[{"start":{"line":18,"column":11},"end":{"line":18,"column":54}},{"start":{"line":19,"column":12},"end":{"line":19,"column":44}},{"start":{"line":20,"column":12},"end":{"line":21,"column":69}}],"line":18},"4":{"loc":{"start":{"line":21,"column":14},"end":{"line":21,"column":68}},"type":"binary-expr","locations":[{"start":{"line":21,"column":14},"end":{"line":21,"column":25}},{"start":{"line":21,"column":29},"end":{"line":21,"column":68}}],"line":21},"5":{"loc":{"start":{"line":24,"column":2},"end":{"line":26,"column":3}},"type":"if","locations":[{"start":{"line":24,"column":2},"end":{"line":26,"column":3}},{"start":{},"end":{}}],"line":24},"6":{"loc":{"start":{"line":39,"column":4},"end":{"line":41,"column":5}},"type":"if","locations":[{"start":{"line":39,"column":4},"end":{"line":41,"column":5}},{"start":{},"end":{}}],"line":39},"7":{"loc":{"start":{"line":65,"column":6},"end":{"line":65,"column":36}},"type":"binary-expr","locations":[{"start":{"line":65,"column":6},"end":{"line":65,"column":14}},{"start":{"line":65,"column":18},"end":{"line":65,"column":36}}],"line":65},"8":{"loc":{"start":{"line":93,"column":18},"end":{"line":93,"column":60}},"type":"binary-expr","locations":[{"start":{"line":93,"column":18},"end":{"line":93,"column":38}},{"start":{"line":93,"column":42},"end":{"line":93,"column":60}}],"line":93},"9":{"loc":{"start":{"line":94,"column":19},"end":{"line":94,"column":53}},"type":"binary-expr","locations":[{"start":{"line":94,"column":19},"end":{"line":94,"column":40}},{"start":{"line":94,"column":44},"end":{"line":94,"column":53}}],"line":94},"10":{"loc":{"start":{"line":95,"column":19},"end":{"line":95,"column":53}},"type":"binary-expr","locations":[{"start":{"line":95,"column":19},"end":{"line":95,"column":40}},{"start":{"line":95,"column":44},"end":{"line":95,"column":53}}],"line":95},"11":{"loc":{"start":{"line":96,"column":15},"end":{"line":96,"column":84}},"type":"binary-expr","locations":[{"start":{"line":96,"column":15},"end":{"line":96,"column":32}},{"start":{"line":96,"column":36},"end":{"line":96,"column":84}}],"line":96},"12":{"loc":{"start":{"line":118,"column":2},"end":{"line":120,"column":3}},"type":"if","locations":[{"start":{"line":118,"column":2},"end":{"line":120,"column":3}},{"start":{},"end":{}}],"line":118},"13":{"loc":{"start":{"line":118,"column":6},"end":{"line":118,"column":56}},"type":"binary-expr","locations":[{"start":{"line":118,"column":6},"end":{"line":118,"column":34}},{"start":{"line":118,"column":38},"end":{"line":118,"column":56}}],"line":118},"14":{"loc":{"start":{"line":122,"column":2},"end":{"line":124,"column":3}},"type":"if","locations":[{"start":{"line":122,"column":2},"end":{"line":124,"column":3}},{"start":{},"end":{}}],"line":122}},"s":{"0":1,"1":1,"2":1,"3":1,"4":9,"5":1,"6":8,"7":2,"8":6,"9":3,"10":1,"11":3,"12":2,"13":1,"14":2,"15":2,"16":2,"17":2,"18":2,"19":2,"20":2,"21":0,"22":2,"23":1,"24":1,"25":1,"26":1,"27":1,"28":1,"29":1,"30":1,"31":1,"32":1,"33":1,"34":3,"35":3,"36":3,"37":2,"38":2,"39":1,"40":1,"41":3,"42":1,"43":2,"44":0,"45":2,"46":1},"f":{"0":9,"1":1,"2":2,"3":3,"4":3},"b":{"0":[1,8],"1":[2,6],"2":[3,3],"3":[3,2,1],"4":[1,1],"5":[2,1],"6":[0,2],"7":[1,0],"8":[3,3],"9":[3,3],"10":[3,3],"11":[3,3],"12":[1,2],"13":[3,2],"14":[0,2]},"_coverageSchema":"1a1c01bbd47fc00a2c39e90264f33305004495a9","hash":"79ff55c823624b6aab05c6a692c95f6c9a72c669"}
}
