TN:
SF:middleware/auth.js
FN:6,(anonymous_0)
FN:36,(anonymous_1)
FN:37,(anonymous_2)
FN:51,(anonymous_3)
FN:52,(anonymous_4)
FNF:5
FNH:3
FNDA:4,(anonymous_0)
FNDA:4,(anonymous_1)
FNDA:4,(anonymous_2)
FNDA:0,(anonymous_3)
FNDA:0,(anonymous_4)
DA:1,1
DA:2,1
DA:3,1
DA:6,1
DA:7,4
DA:8,4
DA:10,4
DA:11,1
DA:14,3
DA:16,2
DA:17,2
DA:18,1
DA:21,1
DA:29,1
DA:31,1
DA:36,1
DA:37,4
DA:38,4
DA:39,1
DA:42,3
DA:43,1
DA:46,2
DA:51,1
DA:52,0
DA:53,0
DA:54,0
DA:55,0
DA:58,0
DA:59,0
DA:62,0
DA:63,0
DA:65,0
DA:66,0
DA:68,0
DA:69,0
DA:71,0
DA:72,0
DA:73,0
DA:76,0
DA:77,0
DA:83,0
DA:84,0
DA:86,0
DA:87,0
DA:89,0
DA:91,0
DA:92,0
DA:95,0
DA:96,0
DA:99,0
DA:104,0
DA:106,0
DA:107,0
LF:53
LH:23
BRDA:10,0,0,1
BRDA:10,0,1,3
BRDA:14,1,0,3
BRDA:14,1,1,3
BRDA:17,2,0,1
BRDA:17,2,1,1
BRDA:38,3,0,1
BRDA:38,3,1,3
BRDA:42,4,0,1
BRDA:42,4,1,2
BRDA:54,5,0,0
BRDA:54,5,1,0
BRDA:58,6,0,0
BRDA:58,6,1,0
BRDA:62,7,0,0
BRDA:62,7,1,0
BRDA:72,8,0,0
BRDA:72,8,1,0
BRDA:91,9,0,0
BRDA:91,9,1,0
BRDA:95,10,0,0
BRDA:95,10,1,0
BRDA:95,11,0,0
BRDA:95,11,1,0
BRF:24
BRH:10
end_of_record
TN:
SF:models/Notification.js
FNF:0
FNH:0
DA:2,1
DA:4,1
DA:18,1
LF:3
LH:3
BRF:0
BRH:0
end_of_record
TN:
SF:models/Organization.js
FNF:0
FNH:0
DA:1,1
DA:3,1
DA:39,1
LF:3
LH:3
BRF:0
BRH:0
end_of_record
TN:
SF:models/SecurityIncident.js
FNF:0
FNH:0
DA:1,1
DA:3,1
DA:54,1
LF:3
LH:3
BRF:0
BRH:0
end_of_record
TN:
SF:models/User.js
FN:77,(anonymous_0)
FN:89,(anonymous_1)
FNF:2
FNH:0
FNDA:0,(anonymous_0)
FNDA:0,(anonymous_1)
DA:1,3
DA:2,3
DA:4,3
DA:77,3
DA:78,0
DA:80,0
DA:81,0
DA:82,0
DA:83,0
DA:85,0
DA:89,3
DA:90,0
DA:93,3
LF:13
LH:6
BRDA:78,0,0,0
BRDA:78,0,1,0
BRF:2
BRH:0
end_of_record
TN:
SF:routes/auth.js
FN:20,(anonymous_0)
FN:37,(anonymous_1)
FN:64,(anonymous_2)
FN:154,(anonymous_3)
FN:214,(anonymous_4)
FN:236,(anonymous_5)
FN:268,(anonymous_6)
FN:293,(anonymous_7)
FN:306,(anonymous_8)
FN:327,(anonymous_9)
FN:367,(anonymous_10)
FN:401,(anonymous_11)
FN:519,(anonymous_12)
FN:540,(anonymous_13)
FN:574,(anonymous_14)
FN:608,(anonymous_15)
FN:673,(anonymous_16)
FN:710,(anonymous_17)
FN:814,(anonymous_18)
FN:848,(anonymous_19)
FN:880,(anonymous_20)
FN:901,(anonymous_21)
FN:963,(anonymous_22)
FN:1045,(anonymous_23)
FN:1071,(anonymous_24)
FNF:25
FNH:7
FNDA:1,(anonymous_0)
FNDA:0,(anonymous_1)
FNDA:0,(anonymous_2)
FNDA:3,(anonymous_3)
FNDA:0,(anonymous_4)
FNDA:4,(anonymous_5)
FNDA:1,(anonymous_6)
FNDA:1,(anonymous_7)
FNDA:0,(anonymous_8)
FNDA:0,(anonymous_9)
FNDA:0,(anonymous_10)
FNDA:2,(anonymous_11)
FNDA:2,(anonymous_12)
FNDA:0,(anonymous_13)
FNDA:0,(anonymous_14)
FNDA:0,(anonymous_15)
FNDA:0,(anonymous_16)
FNDA:0,(anonymous_17)
FNDA:0,(anonymous_18)
FNDA:0,(anonymous_19)
FNDA:0,(anonymous_20)
FNDA:0,(anonymous_21)
FNDA:0,(anonymous_22)
FNDA:0,(anonymous_23)
FNDA:0,(anonymous_24)
DA:1,1
DA:2,1
DA:3,1
DA:4,1
DA:5,1
DA:6,1
DA:8,1
DA:9,1
DA:10,1
DA:11,1
DA:12,1
DA:14,1
DA:15,1
DA:16,1
DA:17,1
DA:20,1
DA:21,1
DA:22,1
DA:23,1
DA:29,1
DA:30,1
DA:32,0
DA:37,1
DA:38,0
DA:46,0
DA:48,0
DA:49,0
DA:50,0
DA:51,0
DA:53,0
DA:57,0
DA:64,1
DA:65,0
DA:68,0
DA:74,0
DA:75,0
DA:76,0
DA:79,0
DA:80,0
DA:82,0
DA:83,0
DA:84,0
DA:87,0
DA:88,0
DA:89,0
DA:90,0
DA:91,0
DA:93,0
DA:99,0
DA:100,0
DA:101,0
DA:110,0
DA:111,0
DA:134,0
DA:135,0
DA:137,0
DA:138,0
DA:145,1
DA:155,3
DA:157,3
DA:158,3
DA:159,1
DA:160,1
DA:163,2
DA:164,2
DA:166,2
DA:167,2
DA:168,2
DA:169,1
DA:170,1
DA:174,1
DA:175,1
DA:178,1
DA:187,0
DA:188,0
DA:191,0
DA:204,0
DA:210,0
DA:215,0
DA:216,0
DA:220,1
DA:221,1
DA:230,1
DA:237,4
DA:238,4
DA:239,1
DA:242,3
DA:244,3
DA:245,3
DA:246,3
DA:247,1
DA:250,2
DA:251,2
DA:252,1
DA:255,1
DA:256,1
DA:258,1
DA:264,1
DA:269,1
DA:270,1
DA:284,0
DA:285,0
DA:293,1
DA:294,1
DA:295,1
DA:296,1
DA:298,0
DA:299,0
DA:306,1
DA:307,0
DA:308,0
DA:309,0
DA:311,0
DA:312,0
DA:319,1
DA:328,0
DA:329,0
DA:330,0
DA:333,0
DA:334,0
DA:335,0
DA:336,0
DA:339,0
DA:341,0
DA:342,0
DA:343,0
DA:346,0
DA:354,0
DA:356,0
DA:358,0
DA:359,0
DA:367,1
DA:368,0
DA:369,0
DA:370,0
DA:371,0
DA:374,0
DA:375,0
DA:378,0
DA:382,0
DA:384,0
DA:385,0
DA:392,1
DA:402,2
DA:403,2
DA:404,0
DA:407,2
DA:408,1
DA:424,1
DA:426,1
DA:427,1
DA:428,1
DA:429,0
DA:432,1
DA:434,1
DA:452,0
DA:454,0
DA:455,0
DA:456,0
DA:457,0
DA:465,0
DA:468,0
DA:501,0
DA:510,1
DA:511,1
DA:519,1
DA:520,2
DA:521,1
DA:524,1
DA:525,1
DA:530,1
DA:532,0
DA:533,0
DA:540,1
DA:541,0
DA:542,0
DA:545,0
DA:546,0
DA:547,0
DA:548,0
DA:551,0
DA:552,0
DA:561,0
DA:562,0
DA:564,0
DA:566,0
DA:567,0
DA:574,1
DA:575,0
DA:576,0
DA:579,0
DA:580,0
DA:581,0
DA:582,0
DA:585,0
DA:586,0
DA:595,0
DA:596,0
DA:598,0
DA:600,0
DA:601,0
DA:608,1
DA:609,0
DA:610,0
DA:613,0
DA:614,0
DA:615,0
DA:616,0
DA:619,0
DA:620,0
DA:629,0
DA:630,0
DA:631,0
DA:633,0
DA:659,0
DA:665,0
DA:666,0
DA:673,1
DA:674,0
DA:675,0
DA:678,0
DA:679,0
DA:680,0
DA:681,0
DA:684,0
DA:685,0
DA:694,0
DA:696,0
DA:698,0
DA:699,0
DA:703,1
DA:711,0
DA:712,0
DA:713,0
DA:716,0
DA:717,0
DA:725,0
DA:727,0
DA:728,0
DA:729,0
DA:730,0
DA:733,0
DA:735,0
DA:747,0
DA:749,0
DA:750,0
DA:751,0
DA:752,0
DA:760,0
DA:763,0
DA:796,0
DA:805,0
DA:806,0
DA:814,1
DA:815,0
DA:816,0
DA:819,0
DA:820,0
DA:821,0
DA:822,0
DA:825,0
DA:826,0
DA:835,0
DA:836,0
DA:838,0
DA:840,0
DA:841,0
DA:848,1
DA:849,0
DA:850,0
DA:853,0
DA:854,0
DA:855,0
DA:856,0
DA:859,0
DA:860,0
DA:869,0
DA:870,0
DA:872,0
DA:874,0
DA:875,0
DA:880,1
DA:881,0
DA:882,0
DA:885,0
DA:886,0
DA:891,0
DA:893,0
DA:894,0
DA:901,1
DA:902,0
DA:903,0
DA:906,0
DA:908,0
DA:909,0
DA:912,0
DA:913,0
DA:914,0
DA:915,0
DA:918,0
DA:919,0
DA:928,0
DA:951,0
DA:953,0
DA:954,0
DA:963,1
DA:964,0
DA:965,0
DA:966,0
DA:969,0
DA:970,0
DA:972,0
DA:973,0
DA:976,0
DA:977,0
DA:978,0
DA:979,0
DA:980,0
DA:982,0
DA:984,0
DA:985,0
DA:988,0
DA:990,0
DA:1001,0
DA:1002,0
DA:1005,0
DA:1008,0
DA:1031,0
DA:1037,0
DA:1038,0
DA:1045,1
DA:1046,0
DA:1047,0
DA:1050,0
DA:1051,0
DA:1052,0
DA:1053,0
DA:1056,0
DA:1057,0
DA:1058,0
DA:1061,0
DA:1063,0
DA:1064,0
DA:1071,1
DA:1072,0
DA:1073,0
DA:1076,0
DA:1077,0
DA:1078,0
DA:1079,0
DA:1082,0
DA:1083,0
DA:1084,0
DA:1087,0
DA:1089,0
DA:1090,0
DA:1094,1
LF:357
LH:98
BRDA:15,0,0,0
BRDA:15,0,1,1
BRDA:16,1,0,1
BRDA:16,1,1,1
BRDA:32,2,0,0
BRDA:32,2,1,0
BRDA:42,3,0,0
BRDA:42,3,1,0
BRDA:55,4,0,0
BRDA:55,4,1,0
BRDA:74,5,0,0
BRDA:74,5,1,0
BRDA:82,6,0,0
BRDA:82,6,1,0
BRDA:82,7,0,0
BRDA:82,7,1,0
BRDA:82,7,2,0
BRDA:89,8,0,0
BRDA:89,8,1,0
BRDA:99,9,0,0
BRDA:99,9,1,0
BRDA:158,10,0,1
BRDA:158,10,1,2
BRDA:168,11,0,1
BRDA:168,11,1,1
BRDA:212,12,0,0
BRDA:212,12,1,0
BRDA:215,13,0,0
BRDA:215,13,1,0
BRDA:238,14,0,1
BRDA:238,14,1,3
BRDA:246,15,0,1
BRDA:246,15,1,2
BRDA:251,16,0,1
BRDA:251,16,1,1
BRDA:266,17,0,1
BRDA:266,17,1,1
BRDA:269,18,0,0
BRDA:269,18,1,1
BRDA:329,19,0,0
BRDA:329,19,1,0
BRDA:335,20,0,0
BRDA:335,20,1,0
BRDA:335,21,0,0
BRDA:335,21,1,0
BRDA:342,22,0,0
BRDA:342,22,1,0
BRDA:350,23,0,0
BRDA:350,23,1,0
BRDA:370,24,0,0
BRDA:370,24,1,0
BRDA:370,25,0,0
BRDA:370,25,1,0
BRDA:374,26,0,0
BRDA:374,26,1,0
BRDA:374,27,0,0
BRDA:374,27,1,0
BRDA:403,28,0,0
BRDA:403,28,1,2
BRDA:407,29,0,1
BRDA:407,29,1,1
BRDA:428,30,0,0
BRDA:428,30,1,1
BRDA:439,31,0,1
BRDA:439,31,1,0
BRDA:455,32,0,0
BRDA:455,32,1,0
BRDA:520,33,0,1
BRDA:520,33,1,1
BRDA:541,34,0,0
BRDA:541,34,1,0
BRDA:547,35,0,0
BRDA:547,35,1,0
BRDA:551,36,0,0
BRDA:551,36,1,0
BRDA:575,37,0,0
BRDA:575,37,1,0
BRDA:581,38,0,0
BRDA:581,38,1,0
BRDA:585,39,0,0
BRDA:585,39,1,0
BRDA:609,40,0,0
BRDA:609,40,1,0
BRDA:615,41,0,0
BRDA:615,41,1,0
BRDA:619,42,0,0
BRDA:619,42,1,0
BRDA:674,43,0,0
BRDA:674,43,1,0
BRDA:680,44,0,0
BRDA:680,44,1,0
BRDA:684,45,0,0
BRDA:684,45,1,0
BRDA:712,46,0,0
BRDA:712,46,1,0
BRDA:716,47,0,0
BRDA:716,47,1,0
BRDA:729,48,0,0
BRDA:729,48,1,0
BRDA:740,49,0,0
BRDA:740,49,1,0
BRDA:742,50,0,0
BRDA:742,50,1,0
BRDA:750,51,0,0
BRDA:750,51,1,0
BRDA:815,52,0,0
BRDA:815,52,1,0
BRDA:821,53,0,0
BRDA:821,53,1,0
BRDA:825,54,0,0
BRDA:825,54,1,0
BRDA:849,55,0,0
BRDA:849,55,1,0
BRDA:855,56,0,0
BRDA:855,56,1,0
BRDA:859,57,0,0
BRDA:859,57,1,0
BRDA:881,58,0,0
BRDA:881,58,1,0
BRDA:902,59,0,0
BRDA:902,59,1,0
BRDA:908,60,0,0
BRDA:908,60,1,0
BRDA:908,61,0,0
BRDA:908,61,1,0
BRDA:908,61,2,0
BRDA:914,62,0,0
BRDA:914,62,1,0
BRDA:918,63,0,0
BRDA:918,63,1,0
BRDA:965,64,0,0
BRDA:965,64,1,0
BRDA:972,65,0,0
BRDA:972,65,1,0
BRDA:972,66,0,0
BRDA:972,66,1,0
BRDA:972,66,2,0
BRDA:978,67,0,0
BRDA:978,67,1,0
BRDA:984,68,0,0
BRDA:984,68,1,0
BRDA:1046,69,0,0
BRDA:1046,69,1,0
BRDA:1052,70,0,0
BRDA:1052,70,1,0
BRDA:1057,71,0,0
BRDA:1057,71,1,0
BRDA:1072,72,0,0
BRDA:1072,72,1,0
BRDA:1078,73,0,0
BRDA:1078,73,1,0
BRDA:1083,74,0,0
BRDA:1083,74,1,0
BRF:153
BRH:23
end_of_record
TN:
SF:routes/medicines.js
FN:14,generateSecureQRCode
FN:39,verifyQRCode
FN:68,isAuthorizedScan
FN:83,(anonymous_3)
FN:99,(anonymous_4)
FN:141,(anonymous_5)
FN:178,(anonymous_6)
FN:226,(anonymous_7)
FN:296,(anonymous_8)
FN:422,(anonymous_9)
FN:502,(anonymous_10)
FN:600,(anonymous_11)
FN:632,(anonymous_12)
FN:707,(anonymous_13)
FN:791,(anonymous_14)
FN:834,(anonymous_15)
FN:912,(anonymous_16)
FN:993,(anonymous_17)
FN:1041,(anonymous_18)
FN:1070,(anonymous_19)
FN:1099,(anonymous_20)
FN:1131,(anonymous_21)
FNF:22
FNH:8
FNDA:1,generateSecureQRCode
FNDA:0,verifyQRCode
FNDA:1,isAuthorizedScan
FNDA:0,(anonymous_3)
FNDA:4,(anonymous_4)
FNDA:0,(anonymous_5)
FNDA:0,(anonymous_6)
FNDA:2,(anonymous_7)
FNDA:2,(anonymous_8)
FNDA:1,(anonymous_9)
FNDA:0,(anonymous_10)
FNDA:1,(anonymous_11)
FNDA:1,(anonymous_12)
FNDA:0,(anonymous_13)
FNDA:0,(anonymous_14)
FNDA:0,(anonymous_15)
FNDA:0,(anonymous_16)
FNDA:0,(anonymous_17)
FNDA:0,(anonymous_18)
FNDA:0,(anonymous_19)
FNDA:0,(anonymous_20)
FNDA:0,(anonymous_21)
DA:1,1
DA:2,1
DA:3,1
DA:4,1
DA:5,1
DA:6,1
DA:7,1
DA:8,1
DA:9,1
DA:10,1
DA:11,1
DA:15,1
DA:24,1
DA:27,1
DA:32,1
DA:40,0
DA:41,0
DA:43,0
DA:46,0
DA:47,0
DA:52,0
DA:53,0
DA:56,0
DA:57,0
DA:58,0
DA:61,0
DA:63,0
DA:70,1
DA:71,0
DA:75,1
DA:76,1
DA:80,0
DA:81,0
DA:84,0
DA:88,0
DA:89,0
DA:93,0
DA:99,1
DA:100,4
DA:101,4
DA:102,4
DA:103,4
DA:104,4
DA:105,0
DA:108,4
DA:109,4
DA:115,4
DA:116,4
DA:119,4
DA:120,1
DA:121,3
DA:122,1
DA:123,2
DA:124,1
DA:126,1
DA:129,3
DA:130,3
DA:131,3
DA:133,0
DA:134,0
DA:141,1
DA:142,0
DA:143,0
DA:144,0
DA:145,0
DA:148,0
DA:149,0
DA:150,0
DA:151,0
DA:152,0
DA:155,0
DA:156,0
DA:162,0
DA:163,0
DA:165,0
DA:166,0
DA:167,0
DA:168,0
DA:170,0
DA:171,0
DA:178,1
DA:179,0
DA:180,0
DA:181,0
DA:182,0
DA:185,0
DA:186,0
DA:187,0
DA:188,0
DA:189,0
DA:192,0
DA:193,0
DA:199,0
DA:200,0
DA:202,0
DA:203,0
DA:204,0
DA:205,0
DA:207,0
DA:208,0
DA:215,1
DA:227,2
DA:228,2
DA:229,2
DA:230,1
DA:233,1
DA:234,1
DA:236,1
DA:237,1
DA:238,1
DA:239,1
DA:240,0
DA:243,1
DA:244,1
DA:250,1
DA:251,1
DA:253,1
DA:254,1
DA:266,1
DA:267,1
DA:269,1
DA:270,1
DA:272,1
DA:279,0
DA:280,0
DA:288,1
DA:297,2
DA:298,2
DA:299,2
DA:300,0
DA:303,2
DA:304,2
DA:305,2
DA:306,2
DA:308,2
DA:315,2
DA:316,0
DA:321,2
DA:322,2
DA:323,2
DA:324,2
DA:325,2
DA:327,2
DA:335,2
DA:336,2
DA:337,2
DA:338,2
DA:339,0
DA:342,2
DA:343,2
DA:349,2
DA:350,2
DA:353,2
DA:354,0
DA:355,0
DA:357,0
DA:358,0
DA:359,0
DA:362,0
DA:363,0
DA:364,0
DA:369,0
DA:370,0
DA:371,0
DA:374,0
DA:375,0
DA:376,0
DA:377,0
DA:378,0
DA:382,2
DA:391,2
DA:392,2
DA:394,2
DA:400,0
DA:401,0
DA:402,0
DA:404,0
DA:415,1
DA:423,1
DA:424,1
DA:425,1
DA:426,0
DA:427,0
DA:430,1
DA:431,1
DA:432,1
DA:434,1
DA:435,1
DA:436,1
DA:437,1
DA:439,1
DA:446,1
DA:447,1
DA:448,1
DA:449,1
DA:450,0
DA:453,1
DA:454,1
DA:460,1
DA:461,1
DA:463,1
DA:471,1
DA:472,1
DA:474,1
DA:480,0
DA:481,0
DA:482,0
DA:484,0
DA:495,1
DA:503,0
DA:504,0
DA:505,0
DA:506,0
DA:509,0
DA:510,0
DA:512,0
DA:513,0
DA:516,0
DA:517,0
DA:520,0
DA:521,0
DA:523,0
DA:524,0
DA:525,0
DA:526,0
DA:527,0
DA:530,0
DA:531,0
DA:537,0
DA:538,0
DA:540,0
DA:541,0
DA:543,0
DA:544,0
DA:545,0
DA:548,0
DA:549,0
DA:551,0
DA:552,0
DA:579,0
DA:585,0
DA:586,0
DA:587,0
DA:589,0
DA:600,1
DA:601,1
DA:602,1
DA:603,1
DA:605,1
DA:606,0
DA:609,1
DA:611,1
DA:612,1
DA:613,1
DA:614,1
DA:615,0
DA:618,1
DA:619,1
DA:625,1
DA:626,1
DA:628,1
DA:629,1
DA:630,1
DA:632,1
DA:633,1
DA:634,0
DA:635,0
DA:638,1
DA:640,1
DA:641,1
DA:643,1
DA:644,1
DA:646,1
DA:647,0
DA:649,0
DA:650,0
DA:651,0
DA:659,0
DA:660,0
DA:668,0
DA:669,0
DA:670,0
DA:696,0
DA:698,0
DA:701,0
DA:703,0
DA:706,1
DA:707,1
DA:708,0
DA:712,1
DA:721,1
DA:722,1
DA:724,1
DA:727,0
DA:731,1
DA:733,1
DA:734,1
DA:735,1
DA:740,0
DA:741,0
DA:747,0
DA:748,0
DA:753,0
DA:754,0
DA:755,0
DA:765,1
DA:766,1
DA:770,1
DA:776,0
DA:777,0
DA:778,0
DA:779,0
DA:781,0
DA:791,1
DA:792,0
DA:793,0
DA:794,0
DA:795,0
DA:798,0
DA:800,0
DA:801,0
DA:803,0
DA:804,0
DA:810,0
DA:811,0
DA:813,0
DA:814,0
DA:815,0
DA:816,0
DA:817,0
DA:820,0
DA:821,0
DA:827,0
DA:828,0
DA:830,0
DA:831,0
DA:832,0
DA:834,0
DA:835,0
DA:836,0
DA:837,0
DA:843,0
DA:845,0
DA:846,0
DA:848,0
DA:849,0
DA:851,0
DA:852,0
DA:854,0
DA:855,0
DA:856,0
DA:864,0
DA:865,0
DA:873,0
DA:874,0
DA:875,0
DA:901,0
DA:903,0
DA:906,0
DA:908,0
DA:911,0
DA:912,0
DA:913,0
DA:917,0
DA:926,0
DA:927,0
DA:929,0
DA:932,0
DA:936,0
DA:938,0
DA:939,0
DA:940,0
DA:944,0
DA:945,0
DA:950,0
DA:951,0
DA:955,0
DA:956,0
DA:957,0
DA:967,0
DA:968,0
DA:972,0
DA:979,0
DA:980,0
DA:981,0
DA:983,0
DA:993,1
DA:994,0
DA:995,0
DA:997,0
DA:998,0
DA:999,0
DA:1000,0
DA:1001,0
DA:1004,0
DA:1005,0
DA:1011,0
DA:1012,0
DA:1014,0
DA:1015,0
DA:1016,0
DA:1018,0
DA:1021,0
DA:1024,0
DA:1025,0
DA:1027,0
DA:1033,0
DA:1034,0
DA:1041,1
DA:1042,0
DA:1043,0
DA:1044,0
DA:1046,0
DA:1047,0
DA:1050,0
DA:1051,0
DA:1052,0
DA:1053,0
DA:1054,0
DA:1057,0
DA:1058,0
DA:1064,0
DA:1065,0
DA:1067,0
DA:1068,0
DA:1070,0
DA:1071,0
DA:1072,0
DA:1073,0
DA:1076,0
DA:1085,0
DA:1086,0
DA:1088,0
DA:1089,0
DA:1090,0
DA:1092,0
DA:1099,1
DA:1100,0
DA:1101,0
DA:1103,0
DA:1104,0
DA:1107,0
DA:1108,0
DA:1111,0
DA:1112,0
DA:1113,0
DA:1114,0
DA:1115,0
DA:1118,0
DA:1119,0
DA:1125,0
DA:1126,0
DA:1128,0
DA:1129,0
DA:1131,0
DA:1132,0
DA:1133,0
DA:1134,0
DA:1138,0
DA:1147,0
DA:1148,0
DA:1150,0
DA:1152,0
DA:1153,0
DA:1154,0
DA:1156,0
DA:1160,1
LF:467
LH:159
BRDA:52,0,0,0
BRDA:52,0,1,0
BRDA:57,1,0,0
BRDA:57,1,1,0
BRDA:70,2,0,0
BRDA:70,2,1,1
BRDA:75,3,0,1
BRDA:75,3,1,0
BRDA:80,4,0,0
BRDA:80,4,1,0
BRDA:81,5,0,0
BRDA:81,5,1,0
BRDA:81,5,2,0
BRDA:84,6,0,0
BRDA:84,6,1,0
BRDA:88,7,0,0
BRDA:88,7,1,0
BRDA:104,8,0,0
BRDA:104,8,1,4
BRDA:119,9,0,1
BRDA:119,9,1,3
BRDA:121,10,0,1
BRDA:121,10,1,2
BRDA:123,11,0,1
BRDA:123,11,1,1
BRDA:144,12,0,0
BRDA:144,12,1,0
BRDA:144,13,0,0
BRDA:144,13,1,0
BRDA:151,14,0,0
BRDA:151,14,1,0
BRDA:181,15,0,0
BRDA:181,15,1,0
BRDA:181,16,0,0
BRDA:181,16,1,0
BRDA:188,17,0,0
BRDA:188,17,1,0
BRDA:229,18,0,1
BRDA:229,18,1,1
BRDA:239,19,0,0
BRDA:239,19,1,1
BRDA:263,20,0,1
BRDA:263,20,1,0
BRDA:269,21,0,1
BRDA:269,21,1,1
BRDA:299,22,0,0
BRDA:299,22,1,2
BRDA:315,23,0,0
BRDA:315,23,1,2
BRDA:325,24,0,2
BRDA:325,24,1,0
BRDA:338,25,0,0
BRDA:338,25,1,2
BRDA:353,26,0,0
BRDA:353,26,1,2
BRDA:357,27,0,0
BRDA:357,27,1,0
BRDA:362,28,0,0
BRDA:362,28,1,0
BRDA:369,29,0,0
BRDA:369,29,1,0
BRDA:376,30,0,0
BRDA:376,30,1,0
BRDA:425,31,0,0
BRDA:425,31,1,1
BRDA:449,32,0,0
BRDA:449,32,1,1
BRDA:505,33,0,0
BRDA:505,33,1,0
BRDA:512,34,0,0
BRDA:512,34,1,0
BRDA:512,35,0,0
BRDA:512,35,1,0
BRDA:512,35,2,0
BRDA:516,36,0,0
BRDA:516,36,1,0
BRDA:516,37,0,0
BRDA:516,37,1,0
BRDA:526,38,0,0
BRDA:526,38,1,0
BRDA:543,39,0,0
BRDA:543,39,1,0
BRDA:605,40,0,0
BRDA:605,40,1,1
BRDA:605,41,0,1
BRDA:605,41,1,1
BRDA:609,42,0,1
BRDA:609,42,1,1
BRDA:614,43,0,0
BRDA:614,43,1,1
BRDA:633,44,0,0
BRDA:633,44,1,1
BRDA:644,45,0,1
BRDA:644,45,1,0
BRDA:646,46,0,0
BRDA:646,46,1,1
BRDA:675,47,0,0
BRDA:675,47,1,0
BRDA:707,48,0,1
BRDA:707,48,1,0
BRDA:708,49,0,0
BRDA:708,49,1,0
BRDA:708,49,2,0
BRDA:734,50,0,1
BRDA:734,50,1,0
BRDA:740,51,0,0
BRDA:740,51,1,0
BRDA:747,52,0,0
BRDA:747,52,1,0
BRDA:753,53,0,0
BRDA:753,53,1,0
BRDA:756,54,0,0
BRDA:756,54,1,0
BRDA:758,55,0,0
BRDA:758,55,1,0
BRDA:761,56,0,0
BRDA:761,56,1,0
BRDA:767,57,0,1
BRDA:767,57,1,0
BRDA:794,58,0,0
BRDA:794,58,1,0
BRDA:800,59,0,0
BRDA:800,59,1,0
BRDA:803,60,0,0
BRDA:803,60,1,0
BRDA:816,61,0,0
BRDA:816,61,1,0
BRDA:835,62,0,0
BRDA:835,62,1,0
BRDA:849,63,0,0
BRDA:849,63,1,0
BRDA:851,64,0,0
BRDA:851,64,1,0
BRDA:861,65,0,0
BRDA:861,65,1,0
BRDA:869,66,0,0
BRDA:869,66,1,0
BRDA:880,67,0,0
BRDA:880,67,1,0
BRDA:888,68,0,0
BRDA:888,68,1,0
BRDA:912,69,0,0
BRDA:912,69,1,0
BRDA:913,70,0,0
BRDA:913,70,1,0
BRDA:913,70,2,0
BRDA:923,71,0,0
BRDA:923,71,1,0
BRDA:939,72,0,0
BRDA:939,72,1,0
BRDA:944,73,0,0
BRDA:944,73,1,0
BRDA:950,74,0,0
BRDA:950,74,1,0
BRDA:955,75,0,0
BRDA:955,75,1,0
BRDA:958,76,0,0
BRDA:958,76,1,0
BRDA:960,77,0,0
BRDA:960,77,1,0
BRDA:963,78,0,0
BRDA:963,78,1,0
BRDA:969,79,0,0
BRDA:969,79,1,0
BRDA:1000,80,0,0
BRDA:1000,80,1,0
BRDA:1018,81,0,0
BRDA:1018,81,1,0
BRDA:1018,82,0,0
BRDA:1018,82,1,0
BRDA:1018,82,2,0
BRDA:1024,83,0,0
BRDA:1024,83,1,0
BRDA:1044,84,0,0
BRDA:1044,84,1,0
BRDA:1046,85,0,0
BRDA:1046,85,1,0
BRDA:1046,86,0,0
BRDA:1046,86,1,0
BRDA:1053,87,0,0
BRDA:1053,87,1,0
BRDA:1071,88,0,0
BRDA:1071,88,1,0
BRDA:1092,89,0,0
BRDA:1092,89,1,0
BRDA:1103,90,0,0
BRDA:1103,90,1,0
BRDA:1103,91,0,0
BRDA:1103,91,1,0
BRDA:1103,91,2,0
BRDA:1107,92,0,0
BRDA:1107,92,1,0
BRDA:1114,93,0,0
BRDA:1114,93,1,0
BRDA:1132,94,0,0
BRDA:1132,94,1,0
BRDA:1156,95,0,0
BRDA:1156,95,1,0
BRF:198
BRH:34
end_of_record
TN:
SF:routes/notifications.js
FN:32,(anonymous_0)
FN:142,(anonymous_1)
FN:163,(anonymous_2)
FN:181,(anonymous_3)
FN:206,(anonymous_4)
FN:237,(anonymous_5)
FNF:6
FNH:2
FNDA:6,(anonymous_0)
FNDA:0,(anonymous_1)
FNDA:0,(anonymous_2)
FNDA:0,(anonymous_3)
FNDA:0,(anonymous_4)
FNDA:1,(anonymous_5)
DA:1,1
DA:2,1
DA:3,1
DA:4,1
DA:5,1
DA:6,1
DA:7,1
DA:12,1
DA:24,1
DA:33,6
DA:34,6
DA:35,1
DA:38,5
DA:39,5
DA:41,5
DA:42,5
DA:44,5
DA:45,2
DA:50,3
DA:52,3
DA:53,2
DA:54,1
DA:56,1
DA:57,1
DA:58,1
DA:60,0
DA:61,0
DA:62,0
DA:64,0
DA:65,0
DA:66,0
DA:70,3
DA:71,1
DA:74,2
DA:85,0
DA:88,0
DA:89,0
DA:119,0
DA:121,0
DA:124,0
DA:130,2
DA:131,2
DA:142,1
DA:143,0
DA:144,0
DA:145,0
DA:152,0
DA:153,0
DA:155,0
DA:156,0
DA:163,1
DA:164,0
DA:165,0
DA:171,0
DA:173,0
DA:174,0
DA:181,1
DA:182,0
DA:183,0
DA:185,0
DA:186,0
DA:189,0
DA:190,0
DA:193,0
DA:194,0
DA:196,0
DA:198,0
DA:199,0
DA:206,1
DA:207,0
DA:208,0
DA:210,0
DA:211,0
DA:214,0
DA:215,0
DA:218,0
DA:219,0
DA:221,0
DA:223,0
DA:224,0
DA:231,1
DA:238,1
DA:239,1
DA:240,0
DA:243,1
DA:244,1
DA:246,1
DA:247,0
DA:250,1
DA:251,0
DA:254,1
DA:255,1
DA:257,1
DA:258,0
DA:262,1
DA:273,0
DA:276,0
DA:277,0
DA:280,0
DA:281,0
DA:311,0
DA:313,0
DA:316,0
DA:322,1
DA:323,1
DA:328,1
LF:106
LH:48
BRDA:34,0,0,1
BRDA:34,0,1,5
BRDA:44,1,0,2
BRDA:44,1,1,3
BRDA:44,2,0,5
BRDA:44,2,1,4
BRDA:52,3,0,2
BRDA:52,3,1,1
BRDA:52,4,0,3
BRDA:52,4,1,2
BRDA:53,5,0,1
BRDA:53,5,1,1
BRDA:56,6,0,1
BRDA:56,6,1,0
BRDA:56,7,0,1
BRDA:56,7,1,1
BRDA:57,8,0,1
BRDA:57,8,1,0
BRDA:60,9,0,0
BRDA:60,9,1,0
BRDA:60,10,0,0
BRDA:60,10,1,0
BRDA:61,11,0,0
BRDA:61,11,1,0
BRDA:64,12,0,0
BRDA:64,12,1,0
BRDA:64,13,0,0
BRDA:64,13,1,0
BRDA:65,14,0,0
BRDA:65,14,1,0
BRDA:70,15,0,1
BRDA:70,15,1,2
BRDA:81,16,0,2
BRDA:81,16,1,1
BRDA:82,17,0,2
BRDA:82,17,1,1
BRDA:97,18,0,0
BRDA:97,18,1,0
BRDA:185,19,0,0
BRDA:185,19,1,0
BRDA:189,20,0,0
BRDA:189,20,1,0
BRDA:210,21,0,0
BRDA:210,21,1,0
BRDA:214,22,0,0
BRDA:214,22,1,0
BRDA:239,23,0,0
BRDA:239,23,1,1
BRDA:246,24,0,0
BRDA:246,24,1,1
BRDA:250,25,0,0
BRDA:250,25,1,1
BRDA:257,26,0,0
BRDA:257,26,1,1
BRDA:257,27,0,1
BRDA:257,27,1,1
BRDA:289,28,0,0
BRDA:289,28,1,0
BRF:58
BRH:28
end_of_record
TN:
SF:utils/passwordGenerator.js
FN:1,generatePassword
FN:22,(anonymous_1)
FNF:2
FNH:2
FNDA:12,generatePassword
FNDA:558,(anonymous_1)
DA:2,12
DA:3,12
DA:4,12
DA:5,12
DA:7,12
DA:9,12
DA:11,12
DA:12,12
DA:13,12
DA:14,12
DA:16,12
DA:17,136
DA:20,12
DA:22,558
DA:25,12
DA:28,1
LF:16
LH:16
BRDA:1,0,0,7
BRF:1
BRH:1
end_of_record
TN:
SF:utils/securityUtils.js
FN:6,isAuthorizedToScan
FN:20,(anonymous_1)
FN:30,flagMedicineForUnauthorizedAccess
FN:78,recordSecurityIncident
FN:117,determineSeverity
FNF:5
FNH:5
FNDA:9,isAuthorizedToScan
FNDA:1,(anonymous_1)
FNDA:2,flagMedicineForUnauthorizedAccess
FNDA:3,recordSecurityIncident
FNDA:3,determineSeverity
DA:1,1
DA:2,1
DA:3,1
DA:4,1
DA:8,9
DA:9,1
DA:13,8
DA:14,2
DA:17,6
DA:18,3
DA:21,1
DA:24,3
DA:25,2
DA:27,1
DA:31,2
DA:32,2
DA:33,2
DA:35,2
DA:36,2
DA:38,2
DA:39,2
DA:40,0
DA:43,2
DA:44,1
DA:50,1
DA:51,1
DA:54,1
DA:55,1
DA:57,1
DA:60,1
DA:68,1
DA:71,1
DA:73,1
DA:74,1
DA:79,3
DA:80,3
DA:106,3
DA:108,2
DA:110,2
DA:112,1
DA:113,1
DA:118,3
DA:119,1
DA:122,2
DA:123,0
DA:126,2
DA:129,1
LF:47
LH:45
BRDA:8,0,0,1
BRDA:8,0,1,8
BRDA:13,1,0,2
BRDA:13,1,1,6
BRDA:17,2,0,3
BRDA:17,2,1,3
BRDA:18,3,0,3
BRDA:18,3,1,2
BRDA:18,3,2,1
BRDA:21,4,0,1
BRDA:21,4,1,1
BRDA:24,5,0,2
BRDA:24,5,1,1
BRDA:39,6,0,0
BRDA:39,6,1,2
BRDA:65,7,0,1
BRDA:65,7,1,0
BRDA:93,8,0,3
BRDA:93,8,1,3
BRDA:94,9,0,3
BRDA:94,9,1,3
BRDA:95,10,0,3
BRDA:95,10,1,3
BRDA:96,11,0,3
BRDA:96,11,1,3
BRDA:118,12,0,1
BRDA:118,12,1,2
BRDA:118,13,0,3
BRDA:118,13,1,2
BRDA:122,14,0,0
BRDA:122,14,1,2
BRF:31
BRH:28
end_of_record
